#
# A fatal error has been detected by the Java Runtime Environment:
#
#  EXCEPTION_ACCESS_VIOLATION (0xc0000005) at pc=0x00007ffecf72e0a9, pid=11784, tid=7808
#
# JRE version: OpenJDK Runtime Environment Microsoft-8035246 (17.0.8+7) (build 17.0.8+7-LTS)
# Java VM: OpenJDK 64-Bit Server VM Microsoft-8035246 (17.0.8+7-LTS, mixed mode, sharing, tiered, compressed oops, compressed class ptrs, g1 gc, windows-amd64)
# Problematic frame:
# V  [jvm.dll+0x2be0a9]
#
# No core dump will be written. Minidumps are not enabled by default on client versions of Windows
#
# If you would like to submit a bug report, please visit:
#   https://github.com/microsoft/openjdk/issues
#

---------------  S U M M A R Y ------------

Command Line: --add-opens=java.base/java.lang=ALL-UNNAMED --add-opens=java.base/java.lang.invoke=ALL-UNNAMED --add-opens=java.base/java.util=ALL-UNNAMED --add-opens=java.prefs/java.util.prefs=ALL-UNNAMED --add-exports=jdk.compiler/com.sun.tools.javac.api=ALL-UNNAMED --add-exports=jdk.compiler/com.sun.tools.javac.util=ALL-UNNAMED --add-opens=java.base/java.util=ALL-UNNAMED --add-opens=java.prefs/java.util.prefs=ALL-UNNAMED --add-opens=java.base/java.nio.charset=ALL-UNNAMED --add-opens=java.base/java.net=ALL-UNNAMED --add-opens=java.base/java.util.concurrent.atomic=ALL-UNNAMED --add-opens=java.xml/javax.xml.namespace=ALL-UNNAMED -XX:MaxMetaspaceSize=512m -Xmx2048m -Dfile.encoding=windows-1252 -Duser.country=IN -Duser.language=en -Duser.variant -javaagent:C:\Users\admin\.gradle\wrapper\dists\gradle-8.12-all\ejduaidbjup3bmmkhw3rie4zb\gradle-8.12\lib\agents\gradle-instrumentation-agent-8.12.jar org.gradle.launcher.daemon.bootstrap.GradleDaemon 8.12

Host: Intel(R) Core(TM) i5-8365U CPU @ 1.60GHz, 8 cores, 15G,  Windows 10 , 64 bit Build 19041 (10.0.19041.5438)
Time: Sun Mar  9 17:28:42 2025 India Standard Time elapsed time: 25.713246 seconds (0d 0h 0m 25s)

---------------  T H R E A D  ---------------

Current thread (0x00000202f752f0a0):  JavaThread "C2 CompilerThread1" daemon [_thread_in_native, id=7808, stack(0x000000242df00000,0x000000242e000000)]


Current CompileTask:
C2:  25713 11307       4       org.gradle.cache.internal.ExclusiveCacheAccessingWorker$$Lambda$475/0x0000020281443240::call (10 bytes)

Stack: [0x000000242df00000,0x000000242e000000],  sp=0x000000242dffb900,  free space=1006k
Native frames: (J=compiled Java code, j=interpreted, Vv=VM code, C=native code)
V  [jvm.dll+0x2be0a9]
V  [jvm.dll+0x21ba8b]
V  [jvm.dll+0x21944b]
V  [jvm.dll+0x1a56b6]
V  [jvm.dll+0x2291ea]
V  [jvm.dll+0x22724c]
V  [jvm.dll+0x7efd0c]
V  [jvm.dll+0x7ea13a]
V  [jvm.dll+0x67ad85]
C  [ucrtbase.dll+0x21bb2]
C  [KERNEL32.DLL+0x17374]
C  [ntdll.dll+0x4cc91]


siginfo: EXCEPTION_ACCESS_VIOLATION (0xc0000005), reading address 0x0000000000000028


Register to memory mapping:

RIP=0x00007ffecf72e0a9 jvm.dll
RAX=0x00000202fad01630 points into unknown readable memory: 0x0000000000000000 | 00 00 00 00 00 00 00 00
RBX=0x0000000000001cf0 is an unknown value
RCX=0x0 is NULL
RDX=0x0 is NULL
RSP=0x000000242dffb900 is pointing into the stack for thread: 0x00000202f752f0a0
RBP=0x000000242dffb970 is pointing into the stack for thread: 0x00000202f752f0a0
RSI=0x0 is NULL
RDI=0x0000000000000066 is an unknown value
R8 =0x000000000000ffe0 is an unknown value
R9 =0x0 is NULL
R10=0x00007fff387f0000 VCRUNTIME140.dll
R11=0x00000202fad01650 points into unknown readable memory: 0x0000000000000000 | 00 00 00 00 00 00 00 00
R12=0x0000000000000050 is an unknown value
R13=0x0 is NULL
R14=0x0 is NULL
R15=0x000000242dffeb20 is pointing into the stack for thread: 0x00000202f752f0a0


Registers:
RAX=0x00000202fad01630, RBX=0x0000000000001cf0, RCX=0x0000000000000000, RDX=0x0000000000000000
RSP=0x000000242dffb900, RBP=0x000000242dffb970, RSI=0x0000000000000000, RDI=0x0000000000000066
R8 =0x000000000000ffe0, R9 =0x0000000000000000, R10=0x00007fff387f0000, R11=0x00000202fad01650
R12=0x0000000000000050, R13=0x0000000000000000, R14=0x0000000000000000, R15=0x000000242dffeb20
RIP=0x00007ffecf72e0a9, EFLAGS=0x0000000000010202

Top of Stack: (sp=0x000000242dffb900)
0x000000242dffb900:   0000000000001cf0 0000000000000000
0x000000242dffb910:   000000242dffeb20 00007ffecf6938d1
0x000000242dffb920:   00000202fd2c9ff0 00007ffe00002000
0x000000242dffb930:   00000202fad01630 0000000000000000
0x000000242dffb940:   0000000000000002 00000202f7f50aa0
0x000000242dffb950:   0000000000000002 00000202fd2c9ff0
0x000000242dffb960:   0000000000000000 0000000000000000
0x000000242dffb970:   00000202fb6ca630 00000202d407b380
0x000000242dffb980:   0000000000000066 00007ffecfdb4c08
0x000000242dffb990:   000000242dffbaa0 00007ffecf68ba8b
0x000000242dffb9a0:   000000242dffeb20 00007ffecfdb4c08
0x000000242dffb9b0:   000000242dffeb20 000000242dffbaa0
0x000000242dffb9c0:   0000002400000000 000000242dfff680
0x000000242dffb9d0:   000000240000000f 000000242dffeb20
0x000000242dffb9e0:   000000242dffbb50 00007ffe00000000
0x000000242dffb9f0:   0000020200000100 00007ffecfdb4c08 

Instructions: (pc=0x00007ffecf72e0a9)
0x00007ffecf72dfa9:   3b d0 75 0b ff c1 41 3b c9 7c dc 48 8b c2 c3 33
0x00007ffecf72dfb9:   c0 c3 cc cc cc cc cc 48 89 5c 24 18 55 56 57 41
0x00007ffecf72dfc9:   55 41 57 48 8b ec 48 83 ec 70 65 48 8b 04 25 58
0x00007ffecf72dfd9:   00 00 00 48 8b f2 44 8b 05 d2 8b 90 00 4c 8b f9
0x00007ffecf72dfe9:   4a 8b 1c c0 b8 50 00 00 00 80 3c 18 00 75 05 e8
0x00007ffecf72dff9:   8b 6f 5d 00 b8 20 00 00 00 48 8b 04 18 48 8b 98
0x00007ffecf72e009:   38 02 00 00 48 89 5d b0 c7 45 b8 04 00 00 00 48
0x00007ffecf72e019:   8b 43 18 48 83 f8 df 76 18 4c 8d 05 37 a9 65 00
0x00007ffecf72e029:   ba 20 00 00 00 48 8b cb e8 5a eb de ff 48 8b 43
0x00007ffecf72e039:   18 48 8d 48 20 48 3b 4b 20 76 11 45 33 c0 48 8b
0x00007ffecf72e049:   cb 41 8d 50 20 e8 fd e8 de ff eb 04 48 89 4b 18
0x00007ffecf72e059:   44 8b 45 b8 33 d2 49 c1 e0 03 48 8b c8 48 89 45
0x00007ffecf72e069:   c0 e8 e3 80 5d 00 45 33 ed 48 8d 4d d0 44 89 6d
0x00007ffecf72e079:   c8 e8 01 59 56 00 41 8b 9f 40 02 00 00 41 2b 9f
0x00007ffecf72e089:   68 02 00 00 44 89 6d f0 3b 5d b8 72 0b 8b d3 48
0x00007ffecf72e099:   8d 4d b0 e8 6f b3 39 00 48 8b 45 c0 4c 89 2c d8
0x00007ffecf72e0a9:   8b 7e 28 8b df c1 eb 05 3b 5d d0 72 0b 8b d3 48
0x00007ffecf72e0b9:   8d 4d d0 e8 1f 59 56 00 48 8b 45 d8 83 e7 1f 48
0x00007ffecf72e0c9:   8d 14 98 40 0f b6 cf 41 b8 01 00 00 00 41 d3 e0
0x00007ffecf72e0d9:   8b 0a 8b c1 41 0b c0 89 02 41 85 c8 75 21 8b 5d
0x00007ffecf72e0e9:   c8 8d 43 01 89 45 c8 3b 5d b8 72 0b 8b d3 48 8d
0x00007ffecf72e0f9:   4d b0 e8 10 b3 39 00 48 8b 45 c0 48 89 34 d8 44
0x00007ffecf72e109:   39 6d c8 0f 86 77 01 00 00 4c 89 a4 24 a0 00 00
0x00007ffecf72e119:   00 4c 89 b4 24 a8 00 00 00 48 8b 45 c0 41 8b cd
0x00007ffecf72e129:   48 8b 34 c8 8b 46 2c 25 ff 1f 00 00 3d 04 10 00
0x00007ffecf72e139:   00 0f 85 a7 00 00 00 bb 01 00 00 00 39 5e 18 76
0x00007ffecf72e149:   39 66 0f 1f 44 00 00 48 8b 46 08 8b cb 48 8b 14
0x00007ffecf72e159:   c8 48 85 d2 74 1d 48 83 7a 10 00 74 16 80 7a 2c
0x00007ffecf72e169:   84 74 10 e8 7f 7e ee ff 48 8b d0 49 8b cf e8 a4
0x00007ffecf72e179:   61 f6 ff ff c3 3b 5e 18 72 cd 48 8b 5e 10 8b 46
0x00007ffecf72e189:   20 4c 8d 34 c3 49 3b de 73 54 48 8b 3b 8b 47 2c
0x00007ffecf72e199:   83 e0 03 3c 03 75 2e 48 8b 07 48 8b cf ff 90 88 


Stack slot to memory mapping:
stack at sp + 0 slots: 0x0000000000001cf0 is an unknown value
stack at sp + 1 slots: 0x0 is NULL
stack at sp + 2 slots: 0x000000242dffeb20 is pointing into the stack for thread: 0x00000202f752f0a0
stack at sp + 3 slots: 0x00007ffecf6938d1 jvm.dll
stack at sp + 4 slots: 0x00000202fd2c9ff0 points into unknown readable memory: 0x0000001000000006 | 06 00 00 00 10 00 00 00
stack at sp + 5 slots: 0x00007ffe00002000 is an unknown value
stack at sp + 6 slots: 0x00000202fad01630 points into unknown readable memory: 0x0000000000000000 | 00 00 00 00 00 00 00 00
stack at sp + 7 slots: 0x0 is NULL


---------------  P R O C E S S  ---------------

Threads class SMR info:
_java_thread_list=0x00000202f75d1b20, length=140, elements={
0x00000202d4063460, 0x00000202f2393bd0, 0x00000202f2394960, 0x00000202f23a8670,
0x00000202f23ac060, 0x00000202f23ae940, 0x00000202f23af210, 0x00000202f23afe10,
0x00000202f23b0720, 0x00000202f23b3040, 0x00000202f237f610, 0x00000202f27464b0,
0x00000202f87ce9d0, 0x00000202f8b64e40, 0x00000202f8ad2020, 0x00000202f8bd1fa0,
0x00000202f8bd4310, 0x00000202f8bd4820, 0x00000202f8bd2ed0, 0x00000202f8bd33e0,
0x00000202f8bd38f0, 0x00000202f8bd1070, 0x00000202f8bd24b0, 0x00000202f8bd3e00,
0x00000202f8bd1580, 0x00000202f8bd29c0, 0x00000202f960dc60, 0x00000202f96109f0,
0x00000202f960fac0, 0x00000202f960e170, 0x00000202f960f5b0, 0x00000202f960f0a0,
0x00000202f960d750, 0x00000202f960eb90, 0x00000202f960ffd0, 0x00000202fac74950,
0x00000202fac767b0, 0x00000202fac771d0, 0x00000202fac76cc0, 0x00000202fac762a0,
0x00000202fac776e0, 0x00000202fac77bf0, 0x00000202fac78100, 0x00000202fac74e60,
0x00000202fac75370, 0x00000202faaa2900, 0x00000202faaa1ee0, 0x00000202faaa19d0,
0x00000202faaa2e10, 0x00000202faaa3d40, 0x00000202faaa3830, 0x00000202faaa0fb0,
0x00000202faaa23f0, 0x00000202faaa14c0, 0x00000202faaa4250, 0x00000202faaa3320,
0x00000202faaa0aa0, 0x00000202f77961e0, 0x00000202f7793e70, 0x00000202f77952b0,
0x00000202f7794380, 0x00000202f779a8c0, 0x00000202f7799480, 0x00000202f7798a60,
0x00000202f7797620, 0x00000202f779b7f0, 0x00000202f7794890, 0x00000202f7799990,
0x00000202f779add0, 0x00000202f7798040, 0x00000202f7798550, 0x00000202f77966f0,
0x00000202f779b2e0, 0x00000202f77957c0, 0x00000202f7794da0, 0x00000202f7796c00,
0x00000202f7799ea0, 0x00000202f7795cd0, 0x00000202f7797b30, 0x00000202f779a3b0,
0x00000202fc54d750, 0x00000202fc54f0a0, 0x00000202fc54ffd0, 0x00000202fc54b8f0,
0x00000202fc54d240, 0x00000202fc54e170, 0x00000202fc54c820, 0x00000202fc54fac0,
0x00000202fc5504e0, 0x00000202fc54be00, 0x00000202fc54b3e0, 0x00000202fc5509f0,
0x00000202fc54c310, 0x00000202fc54e680, 0x00000202fc550f00, 0x00000202fc549a90,
0x00000202fc54cd30, 0x00000202fc54f5b0, 0x00000202fc551410, 0x00000202fc54dc60,
0x00000202fc549fa0, 0x00000202fc54eb90, 0x00000202fc54a4b0, 0x00000202fc54a9c0,
0x00000202fc54aed0, 0x00000202fc41a930, 0x00000202fc41eb00, 0x00000202fc4194f0,
0x00000202fc41cca0, 0x00000202fc4185c0, 0x00000202fc41dbd0, 0x00000202fc4180b0,
0x00000202fc41d6c0, 0x00000202fc41ae40, 0x00000202fc419a00, 0x00000202fc41a420,
0x00000202fc41d1b0, 0x00000202fc41c790, 0x00000202fc41b350, 0x00000202fc41e0e0,
0x00000202fc41e5f0, 0x00000202fc41f010, 0x00000202fc41b860, 0x00000202fc41bd70,
0x00000202fc41c280, 0x00000202fc41fa30, 0x00000202fc41f520, 0x00000202fc418ad0,
0x00000202fc418fe0, 0x00000202fc419f10, 0x00000202fc1a6990, 0x00000202f752f0a0,
0x00000202fc1a5040, 0x00000202fc1ac9c0, 0x00000202fc1aa140, 0x00000202fc1a82e0,
0x00000202f7383ea0, 0x00000202fc1aa650, 0x00000202fc1ac4b0, 0x00000202fc1a73b0
}

Java Threads: ( => current thread )
  0x00000202d4063460 JavaThread "main" [_thread_blocked, id=13352, stack(0x0000002429000000,0x0000002429100000)]
  0x00000202f2393bd0 JavaThread "Reference Handler" daemon [_thread_blocked, id=15044, stack(0x0000002429700000,0x0000002429800000)]
  0x00000202f2394960 JavaThread "Finalizer" daemon [_thread_blocked, id=18156, stack(0x0000002429800000,0x0000002429900000)]
  0x00000202f23a8670 JavaThread "Signal Dispatcher" daemon [_thread_blocked, id=12736, stack(0x0000002429900000,0x0000002429a00000)]
  0x00000202f23ac060 JavaThread "Attach Listener" daemon [_thread_blocked, id=13524, stack(0x0000002429a00000,0x0000002429b00000)]
  0x00000202f23ae940 JavaThread "Service Thread" daemon [_thread_blocked, id=13292, stack(0x0000002429b00000,0x0000002429c00000)]
  0x00000202f23af210 JavaThread "Monitor Deflation Thread" daemon [_thread_blocked, id=14652, stack(0x0000002429c00000,0x0000002429d00000)]
  0x00000202f23afe10 JavaThread "C2 CompilerThread0" daemon [_thread_in_native, id=16400, stack(0x0000002429d00000,0x0000002429e00000)]
  0x00000202f23b0720 JavaThread "C1 CompilerThread0" daemon [_thread_blocked, id=19084, stack(0x0000002429e00000,0x0000002429f00000)]
  0x00000202f23b3040 JavaThread "Sweeper thread" daemon [_thread_blocked, id=13320, stack(0x0000002429f00000,0x000000242a000000)]
  0x00000202f237f610 JavaThread "Common-Cleaner" daemon [_thread_blocked, id=19064, stack(0x000000242a000000,0x000000242a100000)]
  0x00000202f27464b0 JavaThread "Notification Thread" daemon [_thread_blocked, id=4352, stack(0x000000242a200000,0x000000242a300000)]
  0x00000202f87ce9d0 JavaThread "Daemon health stats" [_thread_blocked, id=11556, stack(0x000000242a400000,0x000000242a500000)]
  0x00000202f8b64e40 JavaThread "Incoming local TCP Connector on port 63052" [_thread_in_native, id=19088, stack(0x000000242aa00000,0x000000242ab00000)]
  0x00000202f8ad2020 JavaThread "Daemon periodic checks" [_thread_blocked, id=15812, stack(0x000000242ab00000,0x000000242ac00000)]
  0x00000202f8bd1fa0 JavaThread "Daemon" [_thread_blocked, id=304, stack(0x000000242ac00000,0x000000242ad00000)]
  0x00000202f8bd4310 JavaThread "Handler for socket connection from /127.0.0.1:63052 to /127.0.0.1:63053" [_thread_in_native, id=11520, stack(0x000000242ad00000,0x000000242ae00000)]
  0x00000202f8bd4820 JavaThread "Cancel handler" [_thread_blocked, id=3620, stack(0x000000242ae00000,0x000000242af00000)]
  0x00000202f8bd2ed0 JavaThread "Daemon worker" [_thread_in_Java, id=14340, stack(0x000000242af00000,0x000000242b000000)]
  0x00000202f8bd33e0 JavaThread "Asynchronous log dispatcher for DefaultDaemonConnection: socket connection from /127.0.0.1:63052 to /127.0.0.1:63053" [_thread_blocked, id=9188, stack(0x000000242b000000,0x000000242b100000)]
  0x00000202f8bd38f0 JavaThread "Stdin handler" [_thread_blocked, id=4664, stack(0x000000242b100000,0x000000242b200000)]
  0x00000202f8bd1070 JavaThread "Daemon client event forwarder" [_thread_blocked, id=16148, stack(0x000000242b200000,0x000000242b300000)]
  0x00000202f8bd24b0 JavaThread "Cache worker for journal cache (C:\Users\admin\.gradle\caches\journal-1)" [_thread_blocked, id=15640, stack(0x000000242b300000,0x000000242b400000)]
  0x00000202f8bd3e00 JavaThread "File lock request listener" [_thread_in_native, id=3188, stack(0x000000242b400000,0x000000242b500000)]
  0x00000202f8bd1580 JavaThread "Cache worker for file hash cache (C:\Users\admin\.gradle\caches\8.12\fileHashes)" [_thread_blocked, id=18332, stack(0x000000242b500000,0x000000242b600000)]
  0x00000202f8bd29c0 JavaThread "Cache worker for file hash cache (D:\Projects\LatLong\android\.gradle\8.12\fileHashes)" [_thread_blocked, id=3156, stack(0x000000242b600000,0x000000242b700000)]
  0x00000202f960dc60 JavaThread "Cache worker for Build Output Cleanup Cache (D:\Projects\LatLong\android\.gradle\buildOutputCleanup)" [_thread_blocked, id=7476, stack(0x000000242b700000,0x000000242b800000)]
  0x00000202f96109f0 JavaThread "File watcher server" daemon [_thread_in_native, id=3576, stack(0x000000242bb00000,0x000000242bc00000)]
  0x00000202f960fac0 JavaThread "File watcher consumer" daemon [_thread_blocked, id=14012, stack(0x000000242bc00000,0x000000242bd00000)]
  0x00000202f960e170 JavaThread "jar transforms" [_thread_blocked, id=16500, stack(0x000000242be00000,0x000000242bf00000)]
  0x00000202f960f5b0 JavaThread "Cache worker for checksums cache (D:\Projects\LatLong\android\.gradle\8.12\checksums)" [_thread_blocked, id=15328, stack(0x000000242bf00000,0x000000242c000000)]
  0x00000202f960f0a0 JavaThread "Cache worker for file content cache (C:\Users\admin\.gradle\caches\8.12\fileContent)" [_thread_blocked, id=6780, stack(0x000000242c000000,0x000000242c100000)]
  0x00000202f960d750 JavaThread "Cache worker for cache directory md-rule (C:\Users\admin\.gradle\caches\8.12\md-rule)" [_thread_blocked, id=18524, stack(0x000000242c100000,0x000000242c200000)]
  0x00000202f960eb90 JavaThread "Cache worker for cache directory md-supplier (C:\Users\admin\.gradle\caches\8.12\md-supplier)" [_thread_blocked, id=18668, stack(0x000000242c200000,0x000000242c300000)]
  0x00000202f960ffd0 JavaThread "Cache worker for Build Output Cleanup Cache (D:\Projects\LatLong\node_modules\@react-native\gradle-plugin\.gradle\buildOutputCleanup)" [_thread_blocked, id=14560, stack(0x000000242c300000,0x000000242c400000)]
  0x00000202fac74950 JavaThread "Unconstrained build operations" [_thread_blocked, id=15372, stack(0x000000242a100000,0x000000242a200000)]
  0x00000202fac767b0 JavaThread "Unconstrained build operations Thread 2" [_thread_blocked, id=12648, stack(0x000000242bd00000,0x000000242be00000)]
  0x00000202fac771d0 JavaThread "Unconstrained build operations Thread 3" [_thread_blocked, id=1428, stack(0x000000242c600000,0x000000242c700000)]
  0x00000202fac76cc0 JavaThread "Unconstrained build operations Thread 4" [_thread_blocked, id=12868, stack(0x000000242c700000,0x000000242c800000)]
  0x00000202fac762a0 JavaThread "Unconstrained build operations Thread 5" [_thread_blocked, id=16980, stack(0x000000242c900000,0x000000242ca00000)]
  0x00000202fac776e0 JavaThread "Unconstrained build operations Thread 6" [_thread_blocked, id=19116, stack(0x000000242ca00000,0x000000242cb00000)]
  0x00000202fac77bf0 JavaThread "Unconstrained build operations Thread 7" [_thread_blocked, id=13684, stack(0x000000242c800000,0x000000242c900000)]
  0x00000202fac78100 JavaThread "Unconstrained build operations Thread 8" [_thread_blocked, id=19076, stack(0x000000242cb00000,0x000000242cc00000)]
  0x00000202fac74e60 JavaThread "Unconstrained build operations Thread 9" [_thread_blocked, id=4584, stack(0x000000242cc00000,0x000000242cd00000)]
  0x00000202fac75370 JavaThread "Unconstrained build operations Thread 10" [_thread_blocked, id=17016, stack(0x000000242cd00000,0x000000242ce00000)]
  0x00000202faaa2900 JavaThread "Unconstrained build operations Thread 11" [_thread_blocked, id=12156, stack(0x000000242ce00000,0x000000242cf00000)]
  0x00000202faaa1ee0 JavaThread "Unconstrained build operations Thread 12" [_thread_blocked, id=17588, stack(0x000000242cf00000,0x000000242d000000)]
  0x00000202faaa19d0 JavaThread "Unconstrained build operations Thread 13" [_thread_blocked, id=13456, stack(0x000000242d000000,0x000000242d100000)]
  0x00000202faaa2e10 JavaThread "Unconstrained build operations Thread 14" [_thread_blocked, id=16740, stack(0x000000242d100000,0x000000242d200000)]
  0x00000202faaa3d40 JavaThread "Unconstrained build operations Thread 15" [_thread_blocked, id=16724, stack(0x000000242d200000,0x000000242d300000)]
  0x00000202faaa3830 JavaThread "Unconstrained build operations Thread 16" [_thread_blocked, id=16268, stack(0x000000242d300000,0x000000242d400000)]
  0x00000202faaa0fb0 JavaThread "Unconstrained build operations Thread 17" [_thread_blocked, id=18388, stack(0x000000242d400000,0x000000242d500000)]
  0x00000202faaa23f0 JavaThread "Unconstrained build operations Thread 18" [_thread_blocked, id=10228, stack(0x000000242d500000,0x000000242d600000)]
  0x00000202faaa14c0 JavaThread "Unconstrained build operations Thread 19" [_thread_blocked, id=19376, stack(0x000000242d600000,0x000000242d700000)]
  0x00000202faaa4250 JavaThread "Unconstrained build operations Thread 20" [_thread_blocked, id=676, stack(0x000000242d700000,0x000000242d800000)]
  0x00000202faaa3320 JavaThread "Unconstrained build operations Thread 21" [_thread_blocked, id=12040, stack(0x000000242d800000,0x000000242d900000)]
  0x00000202faaa0aa0 JavaThread "Unconstrained build operations Thread 22" [_thread_blocked, id=3756, stack(0x000000242d900000,0x000000242da00000)]
  0x00000202f77961e0 JavaThread "Unconstrained build operations Thread 23" [_thread_blocked, id=14780, stack(0x000000242da00000,0x000000242db00000)]
  0x00000202f7793e70 JavaThread "Unconstrained build operations Thread 24" [_thread_blocked, id=16484, stack(0x000000242db00000,0x000000242dc00000)]
  0x00000202f77952b0 JavaThread "Unconstrained build operations Thread 25" [_thread_blocked, id=12148, stack(0x000000242dc00000,0x000000242dd00000)]
  0x00000202f7794380 JavaThread "Unconstrained build operations Thread 26" [_thread_blocked, id=15628, stack(0x000000242dd00000,0x000000242de00000)]
  0x00000202f779a8c0 JavaThread "Unconstrained build operations Thread 27" [_thread_blocked, id=18464, stack(0x000000242de00000,0x000000242df00000)]
  0x00000202f7799480 JavaThread "build event listener" [_thread_blocked, id=12704, stack(0x000000242e000000,0x000000242e100000)]
  0x00000202f7798a60 JavaThread "Memory manager" [_thread_blocked, id=18820, stack(0x000000242c500000,0x000000242c600000)]
  0x00000202f7797620 JavaThread "ForkJoinPool.commonPool-worker-1" daemon [_thread_blocked, id=18816, stack(0x000000242e200000,0x000000242e300000)]
  0x00000202f779b7f0 JavaThread "ForkJoinPool.commonPool-worker-2" daemon [_thread_blocked, id=9992, stack(0x000000242e300000,0x000000242e400000)]
  0x00000202f7794890 JavaThread "ForkJoinPool.commonPool-worker-3" daemon [_thread_blocked, id=10352, stack(0x000000242e400000,0x000000242e500000)]
  0x00000202f7799990 JavaThread "ForkJoinPool.commonPool-worker-4" daemon [_thread_blocked, id=9772, stack(0x000000242e500000,0x000000242e600000)]
  0x00000202f779add0 JavaThread "ForkJoinPool.commonPool-worker-5" daemon [_thread_blocked, id=1060, stack(0x000000242e600000,0x000000242e700000)]
  0x00000202f7798040 JavaThread "ForkJoinPool.commonPool-worker-6" daemon [_thread_blocked, id=1612, stack(0x000000242e700000,0x000000242e800000)]
  0x00000202f7798550 JavaThread "ForkJoinPool.commonPool-worker-7" daemon [_thread_blocked, id=17388, stack(0x000000242e800000,0x000000242e900000)]
  0x00000202f77966f0 JavaThread "included builds" [_thread_blocked, id=15260, stack(0x000000242e900000,0x000000242ea00000)]
  0x00000202f779b2e0 JavaThread "Execution worker" [_thread_blocked, id=12700, stack(0x000000242ea00000,0x000000242eb00000)]
  0x00000202f77957c0 JavaThread "Execution worker Thread 2" [_thread_blocked, id=16164, stack(0x000000242eb00000,0x000000242ec00000)]
  0x00000202f7794da0 JavaThread "Execution worker Thread 3" [_thread_blocked, id=17800, stack(0x000000242ec00000,0x000000242ed00000)]
  0x00000202f7796c00 JavaThread "Execution worker Thread 4" [_thread_blocked, id=1416, stack(0x000000242ed00000,0x000000242ee00000)]
  0x00000202f7799ea0 JavaThread "Execution worker Thread 5" [_thread_blocked, id=18688, stack(0x000000242ee00000,0x000000242ef00000)]
  0x00000202f7795cd0 JavaThread "Execution worker Thread 6" [_thread_blocked, id=8312, stack(0x000000242ef00000,0x000000242f000000)]
  0x00000202f7797b30 JavaThread "Execution worker Thread 7" [_thread_blocked, id=6900, stack(0x000000242f000000,0x000000242f100000)]
  0x00000202f779a3b0 JavaThread "Cache worker for execution history cache (D:\Projects\LatLong\node_modules\@react-native\gradle-plugin\.gradle\8.12\executionHistory)" [_thread_blocked, id=11328, stack(0x000000242f100000,0x000000242f200000)]
  0x00000202fc54d750 JavaThread "Unconstrained build operations Thread 28" [_thread_blocked, id=16708, stack(0x000000242f200000,0x000000242f300000)]
  0x00000202fc54f0a0 JavaThread "Unconstrained build operations Thread 29" [_thread_blocked, id=6068, stack(0x000000242f300000,0x000000242f400000)]
  0x00000202fc54ffd0 JavaThread "Unconstrained build operations Thread 30" [_thread_blocked, id=19260, stack(0x000000242f400000,0x000000242f500000)]
  0x00000202fc54b8f0 JavaThread "Unconstrained build operations Thread 31" [_thread_blocked, id=12980, stack(0x000000242f500000,0x000000242f600000)]
  0x00000202fc54d240 JavaThread "Unconstrained build operations Thread 32" [_thread_blocked, id=17976, stack(0x000000242f600000,0x000000242f700000)]
  0x00000202fc54e170 JavaThread "Unconstrained build operations Thread 33" [_thread_blocked, id=10596, stack(0x000000242f700000,0x000000242f800000)]
  0x00000202fc54c820 JavaThread "Unconstrained build operations Thread 34" [_thread_blocked, id=13104, stack(0x000000242f800000,0x000000242f900000)]
  0x00000202fc54fac0 JavaThread "Unconstrained build operations Thread 35" [_thread_blocked, id=13804, stack(0x000000242f900000,0x000000242fa00000)]
  0x00000202fc5504e0 JavaThread "Unconstrained build operations Thread 36" [_thread_blocked, id=18236, stack(0x000000242fa00000,0x000000242fb00000)]
  0x00000202fc54be00 JavaThread "Unconstrained build operations Thread 37" [_thread_blocked, id=10184, stack(0x000000242fb00000,0x000000242fc00000)]
  0x00000202fc54b3e0 JavaThread "Unconstrained build operations Thread 38" [_thread_blocked, id=7144, stack(0x000000242fc00000,0x000000242fd00000)]
  0x00000202fc5509f0 JavaThread "Unconstrained build operations Thread 39" [_thread_blocked, id=12104, stack(0x000000242fd00000,0x000000242fe00000)]
  0x00000202fc54c310 JavaThread "Unconstrained build operations Thread 40" [_thread_blocked, id=17268, stack(0x000000242fe00000,0x000000242ff00000)]
  0x00000202fc54e680 JavaThread "Unconstrained build operations Thread 41" [_thread_blocked, id=17168, stack(0x000000242ff00000,0x0000002430000000)]
  0x00000202fc550f00 JavaThread "Unconstrained build operations Thread 42" [_thread_blocked, id=316, stack(0x0000002430000000,0x0000002430100000)]
  0x00000202fc549a90 JavaThread "Unconstrained build operations Thread 43" [_thread_blocked, id=18596, stack(0x0000002430100000,0x0000002430200000)]
  0x00000202fc54cd30 JavaThread "Unconstrained build operations Thread 44" [_thread_blocked, id=17044, stack(0x0000002430200000,0x0000002430300000)]
  0x00000202fc54f5b0 JavaThread "Unconstrained build operations Thread 45" [_thread_blocked, id=3660, stack(0x0000002430300000,0x0000002430400000)]
  0x00000202fc551410 JavaThread "Unconstrained build operations Thread 46" [_thread_blocked, id=6136, stack(0x0000002430400000,0x0000002430500000)]
  0x00000202fc54dc60 JavaThread "Unconstrained build operations Thread 47" [_thread_blocked, id=11404, stack(0x0000002430500000,0x0000002430600000)]
  0x00000202fc549fa0 JavaThread "Unconstrained build operations Thread 48" [_thread_blocked, id=18956, stack(0x0000002430600000,0x0000002430700000)]
  0x00000202fc54eb90 JavaThread "Unconstrained build operations Thread 49" [_thread_blocked, id=4868, stack(0x0000002430700000,0x0000002430800000)]
  0x00000202fc54a4b0 JavaThread "Unconstrained build operations Thread 50" [_thread_blocked, id=7776, stack(0x0000002430800000,0x0000002430900000)]
  0x00000202fc54a9c0 JavaThread "Unconstrained build operations Thread 51" [_thread_blocked, id=4184, stack(0x0000002430900000,0x0000002430a00000)]
  0x00000202fc54aed0 JavaThread "Unconstrained build operations Thread 52" [_thread_blocked, id=17276, stack(0x0000002430a00000,0x0000002430b00000)]
  0x00000202fc41a930 JavaThread "Unconstrained build operations Thread 53" [_thread_blocked, id=3952, stack(0x0000002430b00000,0x0000002430c00000)]
  0x00000202fc41eb00 JavaThread "Unconstrained build operations Thread 54" [_thread_blocked, id=1464, stack(0x0000002430c00000,0x0000002430d00000)]
  0x00000202fc4194f0 JavaThread "Unconstrained build operations Thread 55" [_thread_blocked, id=18588, stack(0x0000002430d00000,0x0000002430e00000)]
  0x00000202fc41cca0 JavaThread "Unconstrained build operations Thread 56" [_thread_blocked, id=3836, stack(0x0000002430e00000,0x0000002430f00000)]
  0x00000202fc4185c0 JavaThread "Unconstrained build operations Thread 57" [_thread_blocked, id=12948, stack(0x0000002430f00000,0x0000002431000000)]
  0x00000202fc41dbd0 JavaThread "Unconstrained build operations Thread 58" [_thread_blocked, id=12136, stack(0x0000002431000000,0x0000002431100000)]
  0x00000202fc4180b0 JavaThread "Unconstrained build operations Thread 59" [_thread_blocked, id=10760, stack(0x0000002431100000,0x0000002431200000)]
  0x00000202fc41d6c0 JavaThread "Unconstrained build operations Thread 60" [_thread_blocked, id=17964, stack(0x0000002431200000,0x0000002431300000)]
  0x00000202fc41ae40 JavaThread "Unconstrained build operations Thread 61" [_thread_blocked, id=16836, stack(0x0000002431300000,0x0000002431400000)]
  0x00000202fc419a00 JavaThread "Unconstrained build operations Thread 62" [_thread_blocked, id=10828, stack(0x0000002431400000,0x0000002431500000)]
  0x00000202fc41a420 JavaThread "Unconstrained build operations Thread 63" [_thread_blocked, id=14280, stack(0x0000002431500000,0x0000002431600000)]
  0x00000202fc41d1b0 JavaThread "Unconstrained build operations Thread 64" [_thread_blocked, id=6332, stack(0x0000002431600000,0x0000002431700000)]
  0x00000202fc41c790 JavaThread "Unconstrained build operations Thread 65" [_thread_blocked, id=7876, stack(0x0000002431700000,0x0000002431800000)]
  0x00000202fc41b350 JavaThread "Unconstrained build operations Thread 66" [_thread_blocked, id=15204, stack(0x0000002431800000,0x0000002431900000)]
  0x00000202fc41e0e0 JavaThread "Unconstrained build operations Thread 67" [_thread_blocked, id=7000, stack(0x0000002431900000,0x0000002431a00000)]
  0x00000202fc41e5f0 JavaThread "Unconstrained build operations Thread 68" [_thread_blocked, id=19280, stack(0x0000002431a00000,0x0000002431b00000)]
  0x00000202fc41f010 JavaThread "Unconstrained build operations Thread 69" [_thread_blocked, id=5040, stack(0x0000002431b00000,0x0000002431c00000)]
  0x00000202fc41b860 JavaThread "Unconstrained build operations Thread 70" [_thread_blocked, id=17120, stack(0x0000002431c00000,0x0000002431d00000)]
  0x00000202fc41bd70 JavaThread "Unconstrained build operations Thread 71" [_thread_blocked, id=2984, stack(0x0000002431d00000,0x0000002431e00000)]
  0x00000202fc41c280 JavaThread "Unconstrained build operations Thread 72" [_thread_blocked, id=12284, stack(0x0000002431e00000,0x0000002431f00000)]
  0x00000202fc41fa30 JavaThread "Unconstrained build operations Thread 73" [_thread_blocked, id=9744, stack(0x0000002431f00000,0x0000002432000000)]
  0x00000202fc41f520 JavaThread "Unconstrained build operations Thread 74" [_thread_blocked, id=10176, stack(0x0000002432000000,0x0000002432100000)]
  0x00000202fc418ad0 JavaThread "Unconstrained build operations Thread 75" [_thread_blocked, id=18776, stack(0x0000002432100000,0x0000002432200000)]
  0x00000202fc418fe0 JavaThread "Unconstrained build operations Thread 76" [_thread_blocked, id=16540, stack(0x0000002432200000,0x0000002432300000)]
  0x00000202fc419f10 JavaThread "Unconstrained build operations Thread 77" [_thread_blocked, id=15636, stack(0x0000002432300000,0x0000002432400000)]
  0x00000202fc1a6990 JavaThread "jar transforms Thread 2" [_thread_blocked, id=8224, stack(0x0000002432400000,0x0000002432500000)]
=>0x00000202f752f0a0 JavaThread "C2 CompilerThread1" daemon [_thread_in_native, id=7808, stack(0x000000242df00000,0x000000242e000000)]
  0x00000202fc1a5040 JavaThread "jar transforms Thread 3" [_thread_blocked, id=18548, stack(0x000000242e100000,0x000000242e200000)]
  0x00000202fc1ac9c0 JavaThread "Unconstrained build operations Thread 78" [_thread_blocked, id=18540, stack(0x0000002432500000,0x0000002432600000)]
  0x00000202fc1aa140 JavaThread "Unconstrained build operations Thread 79" [_thread_blocked, id=1868, stack(0x0000002432600000,0x0000002432700000)]
  0x00000202fc1a82e0 JavaThread "Unconstrained build operations Thread 80" [_thread_blocked, id=18532, stack(0x0000002432700000,0x0000002432800000)]
  0x00000202f7383ea0 JavaThread "C2 CompilerThread2" daemon [_thread_in_native, id=19212, stack(0x0000002432800000,0x0000002432900000)]
  0x00000202fc1aa650 JavaThread "jar transforms Thread 4" [_thread_blocked, id=5332, stack(0x0000002432900000,0x0000002432a00000)]
  0x00000202fc1ac4b0 JavaThread "jar transforms Thread 5" [_thread_blocked, id=2168, stack(0x0000002432a00000,0x0000002432b00000)]
  0x00000202fc1a73b0 JavaThread "jar transforms Thread 6" [_thread_blocked, id=18552, stack(0x0000002432b00000,0x0000002432c00000)]

Other Threads:
  0x00000202f238f3c0 VMThread "VM Thread" [stack: 0x0000002429600000,0x0000002429700000] [id=7820]
  0x00000202d4064330 WatcherThread [stack: 0x000000242a300000,0x000000242a400000] [id=12220]
  0x00000202d40c21b0 GCTaskThread "GC Thread#0" [stack: 0x0000002429100000,0x0000002429200000] [id=19092]
  0x00000202f76e23f0 GCTaskThread "GC Thread#1" [stack: 0x000000242a500000,0x000000242a600000] [id=18784]
  0x00000202f76e26b0 GCTaskThread "GC Thread#2" [stack: 0x000000242a600000,0x000000242a700000] [id=15852]
  0x00000202f70587e0 GCTaskThread "GC Thread#3" [stack: 0x000000242a700000,0x000000242a800000] [id=13948]
  0x00000202f7058aa0 GCTaskThread "GC Thread#4" [stack: 0x000000242a800000,0x000000242a900000] [id=14112]
  0x00000202f289ce70 GCTaskThread "GC Thread#5" [stack: 0x000000242a900000,0x000000242aa00000] [id=18896]
  0x00000202fb38de10 GCTaskThread "GC Thread#6" [stack: 0x000000242b800000,0x000000242b900000] [id=9020]
  0x00000202fb38c810 GCTaskThread "GC Thread#7" [stack: 0x000000242b900000,0x000000242ba00000] [id=2908]
  0x00000202d40d3010 ConcurrentGCThread "G1 Main Marker" [stack: 0x0000002429200000,0x0000002429300000] [id=11612]
  0x00000202d40d3930 ConcurrentGCThread "G1 Conc#0" [stack: 0x0000002429300000,0x0000002429400000] [id=11000]
  0x00000202fb38cad0 ConcurrentGCThread "G1 Conc#1" [stack: 0x000000242ba00000,0x000000242bb00000] [id=6644]
  0x00000202d411e1e0 ConcurrentGCThread "G1 Refine#0" [stack: 0x0000002429400000,0x0000002429500000] [id=3820]
  0x00000202d411eb20 ConcurrentGCThread "G1 Service" [stack: 0x0000002429500000,0x0000002429600000] [id=16688]

Threads with active compile tasks:
C2 CompilerThread0    25772 11349       4       groovy.lang.MetaClassImpl$1::methodNameAction (169 bytes)
C2 CompilerThread1    25772 11307       4       org.gradle.cache.internal.ExclusiveCacheAccessingWorker$$Lambda$475/0x0000020281443240::call (10 bytes)
C2 CompilerThread2    25772 11351       4       org.codehaus.groovy.util.SingleKeyHashMap::getOrPut (137 bytes)

VM state: not at safepoint (normal execution)

VM Mutex/Monitor currently owned by a thread: None

Heap address: 0x0000000080000000, size: 2048 MB, Compressed Oops mode: 32-bit

CDS archive(s) mapped at: [0x0000020280000000-0x0000020280bd0000-0x0000020280bd0000), size 12386304, SharedBaseAddress: 0x0000020280000000, ArchiveRelocationMode: 1.
Compressed class space mapped at: 0x0000020281000000-0x000002029b000000, reserved size: 436207616
Narrow klass base: 0x0000020280000000, Narrow klass shift: 0, Narrow klass range: 0x100000000

GC Precious Log:
 CPUs: 8 total, 8 available
 Memory: 16198M
 Large Page Support: Disabled
 NUMA Support: Disabled
 Compressed Oops: Enabled (32-bit)
 Heap Region Size: 1M
 Heap Min Capacity: 8M
 Heap Initial Capacity: 254M
 Heap Max Capacity: 2G
 Pre-touch: Disabled
 Parallel Workers: 8
 Concurrent Workers: 2
 Concurrent Refinement Workers: 8
 Periodic GC: Disabled

Heap:
 garbage-first heap   total 212992K, used 114135K [0x0000000080000000, 0x0000000100000000)
  region size 1024K, 28 young (28672K), 5 survivors (5120K)
 Metaspace       used 79467K, committed 80384K, reserved 557056K
  class space    used 11117K, committed 11520K, reserved 425984K

Heap Regions: E=young(eden), S=young(survivor), O=old, HS=humongous(starts), HC=humongous(continues), CS=collection set, F=free, OA=open archive, CA=closed archive, TAMS=top-at-mark-start (previous, next)
|   0|0x0000000080000000, 0x0000000080100000, 0x0000000080100000|100%| O|  |TAMS 0x0000000080100000, 0x0000000080000000| Untracked 
|   1|0x0000000080100000, 0x0000000080200000, 0x0000000080200000|100%| O|  |TAMS 0x0000000080200000, 0x0000000080100000| Untracked 
|   2|0x0000000080200000, 0x0000000080300000, 0x0000000080300000|100%|HS|  |TAMS 0x0000000080300000, 0x0000000080200000| Complete 
|   3|0x0000000080300000, 0x0000000080400000, 0x0000000080400000|100%|HC|  |TAMS 0x0000000080400000, 0x0000000080300000| Complete 
|   4|0x0000000080400000, 0x0000000080500000, 0x0000000080500000|100%|HC|  |TAMS 0x0000000080500000, 0x0000000080400000| Complete 
|   5|0x0000000080500000, 0x0000000080600000, 0x0000000080600000|100%| O|  |TAMS 0x0000000080600000, 0x0000000080500000| Untracked 
|   6|0x0000000080600000, 0x0000000080700000, 0x0000000080700000|100%|HS|  |TAMS 0x0000000080700000, 0x0000000080600000| Complete 
|   7|0x0000000080700000, 0x0000000080800000, 0x0000000080800000|100%| O|  |TAMS 0x0000000080800000, 0x0000000080700000| Untracked 
|   8|0x0000000080800000, 0x0000000080900000, 0x0000000080900000|100%| O|  |TAMS 0x0000000080900000, 0x0000000080800000| Untracked 
|   9|0x0000000080900000, 0x0000000080a00000, 0x0000000080a00000|100%| O|  |TAMS 0x0000000080a00000, 0x0000000080900000| Untracked 
|  10|0x0000000080a00000, 0x0000000080b00000, 0x0000000080b00000|100%| O|  |TAMS 0x0000000080a00000, 0x0000000080a00000| Untracked 
|  11|0x0000000080b00000, 0x0000000080c00000, 0x0000000080c00000|100%| O|  |TAMS 0x0000000080c00000, 0x0000000080b00000| Untracked 
|  12|0x0000000080c00000, 0x0000000080d00000, 0x0000000080d00000|100%| O|  |TAMS 0x0000000080d00000, 0x0000000080c00000| Untracked 
|  13|0x0000000080d00000, 0x0000000080e00000, 0x0000000080e00000|100%| O|  |TAMS 0x0000000080e00000, 0x0000000080d00000| Untracked 
|  14|0x0000000080e00000, 0x0000000080f00000, 0x0000000080f00000|100%| O|  |TAMS 0x0000000080f00000, 0x0000000080e00000| Untracked 
|  15|0x0000000080f00000, 0x0000000081000000, 0x0000000081000000|100%| O|  |TAMS 0x0000000081000000, 0x0000000080f00000| Untracked 
|  16|0x0000000081000000, 0x0000000081100000, 0x0000000081100000|100%| O|  |TAMS 0x0000000081100000, 0x0000000081000000| Untracked 
|  17|0x0000000081100000, 0x0000000081200000, 0x0000000081200000|100%| O|  |TAMS 0x0000000081200000, 0x0000000081100000| Untracked 
|  18|0x0000000081200000, 0x0000000081300000, 0x0000000081300000|100%| O|  |TAMS 0x0000000081300000, 0x0000000081200000| Untracked 
|  19|0x0000000081300000, 0x0000000081400000, 0x0000000081400000|100%| O|  |TAMS 0x0000000081400000, 0x0000000081300000| Untracked 
|  20|0x0000000081400000, 0x0000000081500000, 0x0000000081500000|100%| O|  |TAMS 0x0000000081500000, 0x0000000081400000| Untracked 
|  21|0x0000000081500000, 0x0000000081600000, 0x0000000081600000|100%| O|  |TAMS 0x0000000081600000, 0x0000000081500000| Untracked 
|  22|0x0000000081600000, 0x0000000081700000, 0x0000000081700000|100%| O|  |TAMS 0x0000000081700000, 0x0000000081600000| Untracked 
|  23|0x0000000081700000, 0x0000000081800000, 0x0000000081800000|100%| O|  |TAMS 0x0000000081800000, 0x0000000081700000| Untracked 
|  24|0x0000000081800000, 0x0000000081900000, 0x0000000081900000|100%| O|  |TAMS 0x0000000081900000, 0x0000000081800000| Untracked 
|  25|0x0000000081900000, 0x0000000081a00000, 0x0000000081a00000|100%| O|  |TAMS 0x0000000081a00000, 0x0000000081900000| Untracked 
|  26|0x0000000081a00000, 0x0000000081b00000, 0x0000000081b00000|100%| O|  |TAMS 0x0000000081b00000, 0x0000000081a00000| Untracked 
|  27|0x0000000081b00000, 0x0000000081c00000, 0x0000000081c00000|100%| O|  |TAMS 0x0000000081c00000, 0x0000000081b00000| Untracked 
|  28|0x0000000081c00000, 0x0000000081d00000, 0x0000000081d00000|100%| O|  |TAMS 0x0000000081d00000, 0x0000000081c00000| Untracked 
|  29|0x0000000081d00000, 0x0000000081e00000, 0x0000000081e00000|100%| O|  |TAMS 0x0000000081e00000, 0x0000000081d00000| Untracked 
|  30|0x0000000081e00000, 0x0000000081f00000, 0x0000000081f00000|100%| O|  |TAMS 0x0000000081f00000, 0x0000000081e00000| Untracked 
|  31|0x0000000081f00000, 0x0000000082000000, 0x0000000082000000|100%| O|  |TAMS 0x0000000082000000, 0x0000000081f00000| Untracked 
|  32|0x0000000082000000, 0x0000000082100000, 0x0000000082100000|100%| O|  |TAMS 0x0000000082100000, 0x0000000082000000| Untracked 
|  33|0x0000000082100000, 0x0000000082200000, 0x0000000082200000|100%| O|  |TAMS 0x0000000082200000, 0x0000000082100000| Untracked 
|  34|0x0000000082200000, 0x0000000082300000, 0x0000000082300000|100%| O|  |TAMS 0x0000000082300000, 0x0000000082200000| Untracked 
|  35|0x0000000082300000, 0x0000000082400000, 0x0000000082400000|100%| O|  |TAMS 0x0000000082400000, 0x0000000082300000| Untracked 
|  36|0x0000000082400000, 0x0000000082500000, 0x0000000082500000|100%| O|  |TAMS 0x0000000082500000, 0x0000000082400000| Untracked 
|  37|0x0000000082500000, 0x0000000082600000, 0x0000000082600000|100%| O|  |TAMS 0x0000000082600000, 0x0000000082500000| Untracked 
|  38|0x0000000082600000, 0x0000000082700000, 0x0000000082700000|100%| O|  |TAMS 0x0000000082700000, 0x0000000082600000| Untracked 
|  39|0x0000000082700000, 0x0000000082800000, 0x0000000082800000|100%| O|  |TAMS 0x0000000082800000, 0x0000000082700000| Untracked 
|  40|0x0000000082800000, 0x0000000082900000, 0x0000000082900000|100%| O|  |TAMS 0x0000000082900000, 0x0000000082800000| Untracked 
|  41|0x0000000082900000, 0x0000000082a00000, 0x0000000082a00000|100%| O|  |TAMS 0x0000000082900000, 0x0000000082900000| Untracked 
|  42|0x0000000082a00000, 0x0000000082b00000, 0x0000000082b00000|100%| O|  |TAMS 0x0000000082b00000, 0x0000000082a00000| Untracked 
|  43|0x0000000082b00000, 0x0000000082c00000, 0x0000000082c00000|100%| O|  |TAMS 0x0000000082c00000, 0x0000000082b00000| Untracked 
|  44|0x0000000082c00000, 0x0000000082d00000, 0x0000000082d00000|100%| O|  |TAMS 0x0000000082d00000, 0x0000000082c00000| Untracked 
|  45|0x0000000082d00000, 0x0000000082e00000, 0x0000000082e00000|100%| O|  |TAMS 0x0000000082d00000, 0x0000000082d00000| Untracked 
|  46|0x0000000082e00000, 0x0000000082f00000, 0x0000000082f00000|100%| O|  |TAMS 0x0000000082f00000, 0x0000000082e00000| Untracked 
|  47|0x0000000082f00000, 0x0000000083000000, 0x0000000083000000|100%| O|  |TAMS 0x0000000083000000, 0x0000000082f00000| Untracked 
|  48|0x0000000083000000, 0x0000000083100000, 0x0000000083100000|100%|HS|  |TAMS 0x0000000083100000, 0x0000000083000000| Complete 
|  49|0x0000000083100000, 0x0000000083200000, 0x0000000083200000|100%|HC|  |TAMS 0x0000000083200000, 0x0000000083100000| Complete 
|  50|0x0000000083200000, 0x0000000083300000, 0x0000000083300000|100%|HS|  |TAMS 0x0000000083300000, 0x0000000083200000| Complete 
|  51|0x0000000083300000, 0x0000000083400000, 0x0000000083400000|100%|HC|  |TAMS 0x0000000083400000, 0x0000000083300000| Complete 
|  52|0x0000000083400000, 0x0000000083500000, 0x0000000083500000|100%|HC|  |TAMS 0x0000000083500000, 0x0000000083400000| Complete 
|  53|0x0000000083500000, 0x0000000083600000, 0x0000000083600000|100%|HS|  |TAMS 0x0000000083600000, 0x0000000083500000| Complete 
|  54|0x0000000083600000, 0x0000000083700000, 0x0000000083700000|100%|HC|  |TAMS 0x0000000083700000, 0x0000000083600000| Complete 
|  55|0x0000000083700000, 0x0000000083800000, 0x0000000083800000|100%| O|  |TAMS 0x0000000083800000, 0x0000000083700000| Untracked 
|  56|0x0000000083800000, 0x0000000083900000, 0x0000000083900000|100%| O|  |TAMS 0x0000000083900000, 0x0000000083800000| Untracked 
|  57|0x0000000083900000, 0x0000000083a00000, 0x0000000083a00000|100%| O|  |TAMS 0x0000000083a00000, 0x0000000083900000| Untracked 
|  58|0x0000000083a00000, 0x0000000083b00000, 0x0000000083b00000|100%| O|  |TAMS 0x0000000083b00000, 0x0000000083a00000| Untracked 
|  59|0x0000000083b00000, 0x0000000083c00000, 0x0000000083c00000|100%| O|  |TAMS 0x0000000083c00000, 0x0000000083b00000| Untracked 
|  60|0x0000000083c00000, 0x0000000083d00000, 0x0000000083d00000|100%| O|  |TAMS 0x0000000083c0d200, 0x0000000083c00000| Untracked 
|  61|0x0000000083d00000, 0x0000000083e00000, 0x0000000083e00000|100%|HS|  |TAMS 0x0000000083d00000, 0x0000000083d00000| Complete 
|  62|0x0000000083e00000, 0x0000000083f00000, 0x0000000083f00000|100%|HC|  |TAMS 0x0000000083e00000, 0x0000000083e00000| Complete 
|  63|0x0000000083f00000, 0x0000000084000000, 0x0000000084000000|100%|HC|  |TAMS 0x0000000083f00000, 0x0000000083f00000| Complete 
|  64|0x0000000084000000, 0x0000000084100000, 0x0000000084100000|100%| O|  |TAMS 0x0000000084000000, 0x0000000084000000| Untracked 
|  65|0x0000000084100000, 0x0000000084200000, 0x0000000084200000|100%| O|  |TAMS 0x0000000084100000, 0x0000000084100000| Untracked 
|  66|0x0000000084200000, 0x0000000084300000, 0x0000000084300000|100%| O|  |TAMS 0x0000000084200000, 0x0000000084200000| Untracked 
|  67|0x0000000084300000, 0x0000000084400000, 0x0000000084400000|100%| O|  |TAMS 0x0000000084300000, 0x0000000084300000| Untracked 
|  68|0x0000000084400000, 0x0000000084500000, 0x0000000084500000|100%| O|  |TAMS 0x0000000084400000, 0x0000000084400000| Untracked 
|  69|0x0000000084500000, 0x0000000084600000, 0x0000000084600000|100%| O|  |TAMS 0x0000000084500000, 0x0000000084500000| Untracked 
|  70|0x0000000084600000, 0x0000000084700000, 0x0000000084700000|100%| O|  |TAMS 0x0000000084600000, 0x0000000084600000| Untracked 
|  71|0x0000000084700000, 0x0000000084800000, 0x0000000084800000|100%| O|  |TAMS 0x0000000084700000, 0x0000000084700000| Untracked 
|  72|0x0000000084800000, 0x0000000084900000, 0x0000000084900000|100%| O|  |TAMS 0x0000000084800000, 0x0000000084800000| Untracked 
|  73|0x0000000084900000, 0x0000000084a00000, 0x0000000084a00000|100%| O|  |TAMS 0x0000000084900000, 0x0000000084900000| Untracked 
|  74|0x0000000084a00000, 0x0000000084b00000, 0x0000000084b00000|100%| O|  |TAMS 0x0000000084a00000, 0x0000000084a00000| Untracked 
|  75|0x0000000084b00000, 0x0000000084c00000, 0x0000000084c00000|100%| O|  |TAMS 0x0000000084b00000, 0x0000000084b00000| Untracked 
|  76|0x0000000084c00000, 0x0000000084d00000, 0x0000000084d00000|100%| O|  |TAMS 0x0000000084c00000, 0x0000000084c00000| Untracked 
|  77|0x0000000084d00000, 0x0000000084e00000, 0x0000000084e00000|100%| O|  |TAMS 0x0000000084d00000, 0x0000000084d00000| Untracked 
|  78|0x0000000084e00000, 0x0000000084f00000, 0x0000000084f00000|100%| O|  |TAMS 0x0000000084e00000, 0x0000000084e00000| Untracked 
|  79|0x0000000084f00000, 0x0000000085000000, 0x0000000085000000|100%| O|  |TAMS 0x0000000084f00000, 0x0000000084f00000| Untracked 
|  80|0x0000000085000000, 0x0000000085021a00, 0x0000000085100000| 13%| O|  |TAMS 0x0000000085000000, 0x0000000085000000| Untracked 
|  81|0x0000000085100000, 0x0000000085200000, 0x0000000085200000|100%|HS|  |TAMS 0x0000000085100000, 0x0000000085100000| Complete 
|  82|0x0000000085200000, 0x0000000085300000, 0x0000000085300000|100%|HS|  |TAMS 0x0000000085200000, 0x0000000085200000| Complete 
|  83|0x0000000085300000, 0x0000000085400000, 0x0000000085400000|100%|HS|  |TAMS 0x0000000085300000, 0x0000000085300000| Complete 
|  84|0x0000000085400000, 0x0000000085500000, 0x0000000085500000|100%|HS|  |TAMS 0x0000000085400000, 0x0000000085400000| Complete 
|  85|0x0000000085500000, 0x0000000085600000, 0x0000000085600000|100%|HS|  |TAMS 0x0000000085500000, 0x0000000085500000| Complete 
|  86|0x0000000085600000, 0x0000000085700000, 0x0000000085700000|100%|HS|  |TAMS 0x0000000085600000, 0x0000000085600000| Complete 
|  87|0x0000000085700000, 0x0000000085700000, 0x0000000085800000|  0%| F|  |TAMS 0x0000000085700000, 0x0000000085700000| Untracked 
|  88|0x0000000085800000, 0x0000000085800000, 0x0000000085900000|  0%| F|  |TAMS 0x0000000085800000, 0x0000000085800000| Untracked 
|  89|0x0000000085900000, 0x0000000085900000, 0x0000000085a00000|  0%| F|  |TAMS 0x0000000085900000, 0x0000000085900000| Untracked 
|  90|0x0000000085a00000, 0x0000000085a00000, 0x0000000085b00000|  0%| F|  |TAMS 0x0000000085a00000, 0x0000000085a00000| Untracked 
|  91|0x0000000085b00000, 0x0000000085b00000, 0x0000000085c00000|  0%| F|  |TAMS 0x0000000085b00000, 0x0000000085b00000| Untracked 
|  92|0x0000000085c00000, 0x0000000085c00000, 0x0000000085d00000|  0%| F|  |TAMS 0x0000000085c00000, 0x0000000085c00000| Untracked 
|  93|0x0000000085d00000, 0x0000000085d00000, 0x0000000085e00000|  0%| F|  |TAMS 0x0000000085d00000, 0x0000000085d00000| Untracked 
|  94|0x0000000085e00000, 0x0000000085e00000, 0x0000000085f00000|  0%| F|  |TAMS 0x0000000085e00000, 0x0000000085e00000| Untracked 
|  95|0x0000000085f00000, 0x0000000085f00000, 0x0000000086000000|  0%| F|  |TAMS 0x0000000085f00000, 0x0000000085f00000| Untracked 
|  96|0x0000000086000000, 0x0000000086000000, 0x0000000086100000|  0%| F|  |TAMS 0x0000000086000000, 0x0000000086000000| Untracked 
|  97|0x0000000086100000, 0x0000000086100000, 0x0000000086200000|  0%| F|  |TAMS 0x0000000086100000, 0x0000000086100000| Untracked 
|  98|0x0000000086200000, 0x0000000086200000, 0x0000000086300000|  0%| F|  |TAMS 0x0000000086200000, 0x0000000086200000| Untracked 
|  99|0x0000000086300000, 0x0000000086300000, 0x0000000086400000|  0%| F|  |TAMS 0x0000000086300000, 0x0000000086300000| Untracked 
| 100|0x0000000086400000, 0x0000000086400000, 0x0000000086500000|  0%| F|  |TAMS 0x0000000086400000, 0x0000000086400000| Untracked 
| 101|0x0000000086500000, 0x0000000086500000, 0x0000000086600000|  0%| F|  |TAMS 0x0000000086500000, 0x0000000086500000| Untracked 
| 102|0x0000000086600000, 0x0000000086600000, 0x0000000086700000|  0%| F|  |TAMS 0x0000000086600000, 0x0000000086600000| Untracked 
| 103|0x0000000086700000, 0x0000000086700000, 0x0000000086800000|  0%| F|  |TAMS 0x0000000086700000, 0x0000000086700000| Untracked 
| 104|0x0000000086800000, 0x0000000086800000, 0x0000000086900000|  0%| F|  |TAMS 0x0000000086800000, 0x0000000086800000| Untracked 
| 105|0x0000000086900000, 0x0000000086900000, 0x0000000086a00000|  0%| F|  |TAMS 0x0000000086900000, 0x0000000086900000| Untracked 
| 106|0x0000000086a00000, 0x0000000086a00000, 0x0000000086b00000|  0%| F|  |TAMS 0x0000000086a00000, 0x0000000086a00000| Untracked 
| 107|0x0000000086b00000, 0x0000000086b00000, 0x0000000086c00000|  0%| F|  |TAMS 0x0000000086b00000, 0x0000000086b00000| Untracked 
| 108|0x0000000086c00000, 0x0000000086c00000, 0x0000000086d00000|  0%| F|  |TAMS 0x0000000086c00000, 0x0000000086c00000| Untracked 
| 109|0x0000000086d00000, 0x0000000086d00000, 0x0000000086e00000|  0%| F|  |TAMS 0x0000000086d00000, 0x0000000086d00000| Untracked 
| 110|0x0000000086e00000, 0x0000000086e00000, 0x0000000086f00000|  0%| F|  |TAMS 0x0000000086e00000, 0x0000000086e00000| Untracked 
| 111|0x0000000086f00000, 0x0000000086f00000, 0x0000000087000000|  0%| F|  |TAMS 0x0000000086f00000, 0x0000000086f00000| Untracked 
| 112|0x0000000087000000, 0x0000000087000000, 0x0000000087100000|  0%| F|  |TAMS 0x0000000087000000, 0x0000000087000000| Untracked 
| 113|0x0000000087100000, 0x0000000087100000, 0x0000000087200000|  0%| F|  |TAMS 0x0000000087100000, 0x0000000087100000| Untracked 
| 114|0x0000000087200000, 0x0000000087200000, 0x0000000087300000|  0%| F|  |TAMS 0x0000000087200000, 0x0000000087200000| Untracked 
| 115|0x0000000087300000, 0x0000000087300000, 0x0000000087400000|  0%| F|  |TAMS 0x0000000087300000, 0x0000000087300000| Untracked 
| 116|0x0000000087400000, 0x0000000087400000, 0x0000000087500000|  0%| F|  |TAMS 0x0000000087400000, 0x0000000087400000| Untracked 
| 117|0x0000000087500000, 0x0000000087500000, 0x0000000087600000|  0%| F|  |TAMS 0x0000000087500000, 0x0000000087500000| Untracked 
| 118|0x0000000087600000, 0x0000000087600000, 0x0000000087700000|  0%| F|  |TAMS 0x0000000087600000, 0x0000000087600000| Untracked 
| 119|0x0000000087700000, 0x0000000087700000, 0x0000000087800000|  0%| F|  |TAMS 0x0000000087700000, 0x0000000087700000| Untracked 
| 120|0x0000000087800000, 0x0000000087854280, 0x0000000087900000| 32%| S|CS|TAMS 0x0000000087800000, 0x0000000087800000| Complete 
| 121|0x0000000087900000, 0x0000000087a00000, 0x0000000087a00000|100%| S|CS|TAMS 0x0000000087900000, 0x0000000087900000| Complete 
| 122|0x0000000087a00000, 0x0000000087a00000, 0x0000000087b00000|  0%| F|  |TAMS 0x0000000087a00000, 0x0000000087a00000| Untracked 
| 123|0x0000000087b00000, 0x0000000087b00000, 0x0000000087c00000|  0%| F|  |TAMS 0x0000000087b00000, 0x0000000087b00000| Untracked 
| 124|0x0000000087c00000, 0x0000000087c00000, 0x0000000087d00000|  0%| F|  |TAMS 0x0000000087c00000, 0x0000000087c00000| Untracked 
| 125|0x0000000087d00000, 0x0000000087d00000, 0x0000000087e00000|  0%| F|  |TAMS 0x0000000087d00000, 0x0000000087d00000| Untracked 
| 126|0x0000000087e00000, 0x0000000087f00000, 0x0000000087f00000|100%| S|CS|TAMS 0x0000000087e00000, 0x0000000087e00000| Complete 
| 127|0x0000000087f00000, 0x0000000088000000, 0x0000000088000000|100%| S|CS|TAMS 0x0000000087f00000, 0x0000000087f00000| Complete 
| 128|0x0000000088000000, 0x0000000088100000, 0x0000000088100000|100%| S|CS|TAMS 0x0000000088000000, 0x0000000088000000| Complete 
| 129|0x0000000088100000, 0x0000000088100000, 0x0000000088200000|  0%| F|  |TAMS 0x0000000088100000, 0x0000000088100000| Untracked 
| 130|0x0000000088200000, 0x0000000088200000, 0x0000000088300000|  0%| F|  |TAMS 0x0000000088200000, 0x0000000088200000| Untracked 
| 131|0x0000000088300000, 0x0000000088300000, 0x0000000088400000|  0%| F|  |TAMS 0x0000000088300000, 0x0000000088300000| Untracked 
| 132|0x0000000088400000, 0x0000000088400000, 0x0000000088500000|  0%| F|  |TAMS 0x0000000088400000, 0x0000000088400000| Untracked 
| 133|0x0000000088500000, 0x0000000088500000, 0x0000000088600000|  0%| F|  |TAMS 0x0000000088500000, 0x0000000088500000| Untracked 
| 134|0x0000000088600000, 0x0000000088600000, 0x0000000088700000|  0%| F|  |TAMS 0x0000000088600000, 0x0000000088600000| Untracked 
| 135|0x0000000088700000, 0x0000000088700000, 0x0000000088800000|  0%| F|  |TAMS 0x0000000088700000, 0x0000000088700000| Untracked 
| 136|0x0000000088800000, 0x0000000088800000, 0x0000000088900000|  0%| F|  |TAMS 0x0000000088800000, 0x0000000088800000| Untracked 
| 137|0x0000000088900000, 0x0000000088900000, 0x0000000088a00000|  0%| F|  |TAMS 0x0000000088900000, 0x0000000088900000| Untracked 
| 138|0x0000000088a00000, 0x0000000088a00000, 0x0000000088b00000|  0%| F|  |TAMS 0x0000000088a00000, 0x0000000088a00000| Untracked 
| 139|0x0000000088b00000, 0x0000000088b00000, 0x0000000088c00000|  0%| F|  |TAMS 0x0000000088b00000, 0x0000000088b00000| Untracked 
| 140|0x0000000088c00000, 0x0000000088c00000, 0x0000000088d00000|  0%| F|  |TAMS 0x0000000088c00000, 0x0000000088c00000| Untracked 
| 141|0x0000000088d00000, 0x0000000088d00000, 0x0000000088e00000|  0%| F|  |TAMS 0x0000000088d00000, 0x0000000088d00000| Untracked 
| 142|0x0000000088e00000, 0x0000000088e00000, 0x0000000088f00000|  0%| F|  |TAMS 0x0000000088e00000, 0x0000000088e00000| Untracked 
| 143|0x0000000088f00000, 0x0000000088f00000, 0x0000000089000000|  0%| F|  |TAMS 0x0000000088f00000, 0x0000000088f00000| Untracked 
| 144|0x0000000089000000, 0x0000000089000000, 0x0000000089100000|  0%| F|  |TAMS 0x0000000089000000, 0x0000000089000000| Untracked 
| 145|0x0000000089100000, 0x0000000089100000, 0x0000000089200000|  0%| F|  |TAMS 0x0000000089100000, 0x0000000089100000| Untracked 
| 146|0x0000000089200000, 0x0000000089200000, 0x0000000089300000|  0%| F|  |TAMS 0x0000000089200000, 0x0000000089200000| Untracked 
| 147|0x0000000089300000, 0x0000000089300000, 0x0000000089400000|  0%| F|  |TAMS 0x0000000089300000, 0x0000000089300000| Untracked 
| 148|0x0000000089400000, 0x0000000089400000, 0x0000000089500000|  0%| F|  |TAMS 0x0000000089400000, 0x0000000089400000| Untracked 
| 149|0x0000000089500000, 0x0000000089500000, 0x0000000089600000|  0%| F|  |TAMS 0x0000000089500000, 0x0000000089500000| Untracked 
| 150|0x0000000089600000, 0x0000000089600000, 0x0000000089700000|  0%| F|  |TAMS 0x0000000089600000, 0x0000000089600000| Untracked 
| 151|0x0000000089700000, 0x0000000089700000, 0x0000000089800000|  0%| F|  |TAMS 0x0000000089700000, 0x0000000089700000| Untracked 
| 152|0x0000000089800000, 0x0000000089800000, 0x0000000089900000|  0%| F|  |TAMS 0x0000000089800000, 0x0000000089800000| Untracked 
| 153|0x0000000089900000, 0x0000000089900000, 0x0000000089a00000|  0%| F|  |TAMS 0x0000000089900000, 0x0000000089900000| Untracked 
| 154|0x0000000089a00000, 0x0000000089a00000, 0x0000000089b00000|  0%| F|  |TAMS 0x0000000089a00000, 0x0000000089a00000| Untracked 
| 155|0x0000000089b00000, 0x0000000089b00000, 0x0000000089c00000|  0%| F|  |TAMS 0x0000000089b00000, 0x0000000089b00000| Untracked 
| 156|0x0000000089c00000, 0x0000000089c00000, 0x0000000089d00000|  0%| F|  |TAMS 0x0000000089c00000, 0x0000000089c00000| Untracked 
| 157|0x0000000089d00000, 0x0000000089d00000, 0x0000000089e00000|  0%| F|  |TAMS 0x0000000089d00000, 0x0000000089d00000| Untracked 
| 158|0x0000000089e00000, 0x0000000089e00000, 0x0000000089f00000|  0%| F|  |TAMS 0x0000000089e00000, 0x0000000089e00000| Untracked 
| 159|0x0000000089f00000, 0x0000000089f00000, 0x000000008a000000|  0%| F|  |TAMS 0x0000000089f00000, 0x0000000089f00000| Untracked 
| 160|0x000000008a000000, 0x000000008a000000, 0x000000008a100000|  0%| F|  |TAMS 0x000000008a000000, 0x000000008a000000| Untracked 
| 161|0x000000008a100000, 0x000000008a100000, 0x000000008a200000|  0%| F|  |TAMS 0x000000008a100000, 0x000000008a100000| Untracked 
| 162|0x000000008a200000, 0x000000008a200000, 0x000000008a300000|  0%| F|  |TAMS 0x000000008a200000, 0x000000008a200000| Untracked 
| 163|0x000000008a300000, 0x000000008a300000, 0x000000008a400000|  0%| F|  |TAMS 0x000000008a300000, 0x000000008a300000| Untracked 
| 164|0x000000008a400000, 0x000000008a400000, 0x000000008a500000|  0%| F|  |TAMS 0x000000008a400000, 0x000000008a400000| Untracked 
| 165|0x000000008a500000, 0x000000008a500000, 0x000000008a600000|  0%| F|  |TAMS 0x000000008a500000, 0x000000008a500000| Untracked 
| 166|0x000000008a600000, 0x000000008a600000, 0x000000008a700000|  0%| F|  |TAMS 0x000000008a600000, 0x000000008a600000| Untracked 
| 167|0x000000008a700000, 0x000000008a700000, 0x000000008a800000|  0%| F|  |TAMS 0x000000008a700000, 0x000000008a700000| Untracked 
| 168|0x000000008a800000, 0x000000008a800000, 0x000000008a900000|  0%| F|  |TAMS 0x000000008a800000, 0x000000008a800000| Untracked 
| 169|0x000000008a900000, 0x000000008a900000, 0x000000008aa00000|  0%| F|  |TAMS 0x000000008a900000, 0x000000008a900000| Untracked 
| 170|0x000000008aa00000, 0x000000008aa00000, 0x000000008ab00000|  0%| F|  |TAMS 0x000000008aa00000, 0x000000008aa00000| Untracked 
| 171|0x000000008ab00000, 0x000000008ab00000, 0x000000008ac00000|  0%| F|  |TAMS 0x000000008ab00000, 0x000000008ab00000| Untracked 
| 172|0x000000008ac00000, 0x000000008ac00000, 0x000000008ad00000|  0%| F|  |TAMS 0x000000008ac00000, 0x000000008ac00000| Untracked 
| 173|0x000000008ad00000, 0x000000008ad00000, 0x000000008ae00000|  0%| F|  |TAMS 0x000000008ad00000, 0x000000008ad00000| Untracked 
| 174|0x000000008ae00000, 0x000000008ae00000, 0x000000008af00000|  0%| F|  |TAMS 0x000000008ae00000, 0x000000008ae00000| Untracked 
| 175|0x000000008af00000, 0x000000008af00000, 0x000000008b000000|  0%| F|  |TAMS 0x000000008af00000, 0x000000008af00000| Untracked 
| 176|0x000000008b000000, 0x000000008b000000, 0x000000008b100000|  0%| F|  |TAMS 0x000000008b000000, 0x000000008b000000| Untracked 
| 177|0x000000008b100000, 0x000000008b100000, 0x000000008b200000|  0%| F|  |TAMS 0x000000008b100000, 0x000000008b100000| Untracked 
| 178|0x000000008b200000, 0x000000008b200000, 0x000000008b300000|  0%| F|  |TAMS 0x000000008b200000, 0x000000008b200000| Untracked 
| 179|0x000000008b300000, 0x000000008b300000, 0x000000008b400000|  0%| F|  |TAMS 0x000000008b300000, 0x000000008b300000| Untracked 
| 180|0x000000008b400000, 0x000000008b400000, 0x000000008b500000|  0%| F|  |TAMS 0x000000008b400000, 0x000000008b400000| Untracked 
| 181|0x000000008b500000, 0x000000008b500000, 0x000000008b600000|  0%| F|  |TAMS 0x000000008b500000, 0x000000008b500000| Untracked 
| 182|0x000000008b600000, 0x000000008b600000, 0x000000008b700000|  0%| F|  |TAMS 0x000000008b600000, 0x000000008b600000| Untracked 
| 183|0x000000008b700000, 0x000000008b700000, 0x000000008b800000|  0%| F|  |TAMS 0x000000008b700000, 0x000000008b700000| Untracked 
| 184|0x000000008b800000, 0x000000008b800000, 0x000000008b900000|  0%| F|  |TAMS 0x000000008b800000, 0x000000008b800000| Untracked 
| 185|0x000000008b900000, 0x000000008ba00000, 0x000000008ba00000|100%| E|  |TAMS 0x000000008b900000, 0x000000008b900000| Complete 
| 186|0x000000008ba00000, 0x000000008bb00000, 0x000000008bb00000|100%| E|CS|TAMS 0x000000008ba00000, 0x000000008ba00000| Complete 
| 187|0x000000008bb00000, 0x000000008bc00000, 0x000000008bc00000|100%| E|CS|TAMS 0x000000008bb00000, 0x000000008bb00000| Complete 
| 188|0x000000008bc00000, 0x000000008bd00000, 0x000000008bd00000|100%| E|CS|TAMS 0x000000008bc00000, 0x000000008bc00000| Complete 
| 189|0x000000008bd00000, 0x000000008be00000, 0x000000008be00000|100%| E|CS|TAMS 0x000000008bd00000, 0x000000008bd00000| Complete 
| 190|0x000000008be00000, 0x000000008bf00000, 0x000000008bf00000|100%| E|CS|TAMS 0x000000008be00000, 0x000000008be00000| Complete 
| 191|0x000000008bf00000, 0x000000008c000000, 0x000000008c000000|100%| E|CS|TAMS 0x000000008bf00000, 0x000000008bf00000| Complete 
| 192|0x000000008c000000, 0x000000008c100000, 0x000000008c100000|100%| E|CS|TAMS 0x000000008c000000, 0x000000008c000000| Complete 
| 193|0x000000008c100000, 0x000000008c200000, 0x000000008c200000|100%| E|CS|TAMS 0x000000008c100000, 0x000000008c100000| Complete 
| 194|0x000000008c200000, 0x000000008c300000, 0x000000008c300000|100%| E|CS|TAMS 0x000000008c200000, 0x000000008c200000| Complete 
| 195|0x000000008c300000, 0x000000008c400000, 0x000000008c400000|100%| E|CS|TAMS 0x000000008c300000, 0x000000008c300000| Complete 
| 196|0x000000008c400000, 0x000000008c500000, 0x000000008c500000|100%| E|CS|TAMS 0x000000008c400000, 0x000000008c400000| Complete 
| 197|0x000000008c500000, 0x000000008c600000, 0x000000008c600000|100%| E|CS|TAMS 0x000000008c500000, 0x000000008c500000| Complete 
| 198|0x000000008c600000, 0x000000008c700000, 0x000000008c700000|100%| E|CS|TAMS 0x000000008c600000, 0x000000008c600000| Complete 
| 199|0x000000008c700000, 0x000000008c800000, 0x000000008c800000|100%| E|CS|TAMS 0x000000008c700000, 0x000000008c700000| Complete 
| 200|0x000000008c800000, 0x000000008c900000, 0x000000008c900000|100%| E|CS|TAMS 0x000000008c800000, 0x000000008c800000| Complete 
| 201|0x000000008c900000, 0x000000008ca00000, 0x000000008ca00000|100%| E|CS|TAMS 0x000000008c900000, 0x000000008c900000| Complete 
| 202|0x000000008ca00000, 0x000000008cb00000, 0x000000008cb00000|100%| E|CS|TAMS 0x000000008ca00000, 0x000000008ca00000| Complete 
| 203|0x000000008cb00000, 0x000000008cc00000, 0x000000008cc00000|100%| E|CS|TAMS 0x000000008cb00000, 0x000000008cb00000| Complete 
| 204|0x000000008cc00000, 0x000000008cd00000, 0x000000008cd00000|100%| E|CS|TAMS 0x000000008cc00000, 0x000000008cc00000| Complete 
| 205|0x000000008cd00000, 0x000000008ce00000, 0x000000008ce00000|100%| E|CS|TAMS 0x000000008cd00000, 0x000000008cd00000| Complete 
| 206|0x000000008ce00000, 0x000000008cf00000, 0x000000008cf00000|100%| E|CS|TAMS 0x000000008ce00000, 0x000000008ce00000| Complete 
| 253|0x000000008fd00000, 0x000000008fe00000, 0x000000008fe00000|100%| E|CS|TAMS 0x000000008fd00000, 0x000000008fd00000| Complete 

Card table byte_map: [0x00000202eb290000,0x00000202eb690000] _byte_map_base: 0x00000202eae90000

Marking Bits (Prev, Next): (CMBitMap*) 0x00000202d40c26e0, (CMBitMap*) 0x00000202d40c2720
 Prev Bits: [0x00000202eba90000, 0x00000202eda90000)
 Next Bits: [0x00000202eda90000, 0x00000202efa90000)

Polling page: 0x00000202d2060000

Metaspace:

Usage:
  Non-class:     66.75 MB used.
      Class:     10.86 MB used.
       Both:     77.60 MB used.

Virtual space:
  Non-class space:      128.00 MB reserved,      67.25 MB ( 53%) committed,  2 nodes.
      Class space:      416.00 MB reserved,      11.25 MB (  3%) committed,  1 nodes.
             Both:      544.00 MB reserved,      78.50 MB ( 14%) committed. 

Chunk freelists:
   Non-Class:  12.18 MB
       Class:  4.67 MB
        Both:  16.85 MB

MaxMetaspaceSize: 512.00 MB
CompressedClassSpaceSize: 416.00 MB
Initial GC threshold: 21.00 MB
Current GC threshold: 110.00 MB
CDS: on
MetaspaceReclaimPolicy: balanced
 - commit_granule_bytes: 65536.
 - commit_granule_words: 8192.
 - virtual_space_node_default_size: 8388608.
 - enlarge_chunks_in_place: 1.
 - new_chunks_are_fully_committed: 0.
 - uncommit_free_chunks: 1.
 - use_allocation_guard: 0.
 - handle_deallocations: 1.


Internal statistics:

num_allocs_failed_limit: 6.
num_arena_births: 1178.
num_arena_deaths: 0.
num_vsnodes_births: 3.
num_vsnodes_deaths: 0.
num_space_committed: 1256.
num_space_uncommitted: 0.
num_chunks_returned_to_freelist: 6.
num_chunks_taken_from_freelist: 4499.
num_chunk_merges: 6.
num_chunk_splits: 2855.
num_chunks_enlarged: 1773.
num_inconsistent_stats: 0.

CodeHeap 'non-profiled nmethods': size=120000Kb used=5678Kb max_used=5900Kb free=114322Kb
 bounds [0x00000202e3630000, 0x00000202e3c00000, 0x00000202eab60000]
CodeHeap 'profiled nmethods': size=120000Kb used=18136Kb max_used=19177Kb free=101863Kb
 bounds [0x00000202dbb60000, 0x00000202dce20000, 0x00000202e3090000]
CodeHeap 'non-nmethods': size=5760Kb used=2429Kb max_used=2526Kb free=3330Kb
 bounds [0x00000202e3090000, 0x00000202e3310000, 0x00000202e3630000]
 total_blobs=10645 nmethods=9683 adapters=873
 compilation: enabled
              stopped_count=0, restarted_count=0
 full_count=0

Compilation events (20 events):
Event: 25.661 Thread 0x00000202f23b0720 11325       3       jdk.internal.loader.FileURLMapper::exists (19 bytes)
Event: 25.661 Thread 0x00000202f23b0720 nmethod 11325 0x00000202dc306190 code [0x00000202dc3063a0, 0x00000202dc306a08]
Event: 25.661 Thread 0x00000202f23b0720 11326   !   3       jdk.internal.loader.URLClassPath$JarLoader::checkJar (51 bytes)
Event: 25.661 Thread 0x00000202f23b0720 nmethod 11326 0x00000202dc131310 code [0x00000202dc131500, 0x00000202dc1319e8]
Event: 25.663 Thread 0x00000202f7383ea0 nmethod 11309 0x00000202e3a55610 code [0x00000202e3a557a0, 0x00000202e3a55a88]
Event: 25.663 Thread 0x00000202f7383ea0 11315       4       java.util.AbstractCollection::toArray (144 bytes)
Event: 25.667 Thread 0x00000202f7383ea0 nmethod 11315 0x00000202e38b7d10 code [0x00000202e38b7ec0, 0x00000202e38b8338]
Event: 25.667 Thread 0x00000202f7383ea0 11310       4       sun.nio.fs.WindowsPath$WindowsPathWithAttributes::getFileSystem (5 bytes)
Event: 25.667 Thread 0x00000202f7383ea0 nmethod 11310 0x00000202e3a98e90 code [0x00000202e3a99000, 0x00000202e3a99078]
Event: 25.680 Thread 0x00000202f7383ea0 11327   !   4       jdk.internal.loader.URLClassPath$JarLoader::ensureOpen (36 bytes)
Event: 25.682 Thread 0x00000202f7383ea0 nmethod 11327 0x00000202e38b7410 code [0x00000202e38b75e0, 0x00000202e38b78c0]
Event: 25.683 Thread 0x00000202f23afe10 nmethod 11300 0x00000202e37e8710 code [0x00000202e37e89c0, 0x00000202e37eae40]
Event: 25.686 Thread 0x00000202f23b0720 11328       3       jdk.internal.loader.URLClassPath$3::run (5 bytes)
Event: 25.687 Thread 0x00000202f23b0720 nmethod 11328 0x00000202dc37ae10 code [0x00000202dc37afc0, 0x00000202dc37b108]
Event: 25.687 Thread 0x00000202f7383ea0 11329       4       jdk.internal.misc.Unsafe::checkSize (32 bytes)
Event: 25.688 Thread 0x00000202f7383ea0 nmethod 11329 0x00000202e37e8310 code [0x00000202e37e8480, 0x00000202e37e8518]
Event: 25.697 Thread 0x00000202f23b0720 11330  s!   3       jdk.internal.loader.URLClassPath::getLoader (194 bytes)
Event: 25.698 Thread 0x00000202f23b0720 nmethod 11330 0x00000202dbe24f10 code [0x00000202dbe25200, 0x00000202dbe26508]
Event: 25.698 Thread 0x00000202f23b0720 11331       3       jdk.internal.loader.URLClassPath$JarLoader::<init> (67 bytes)
Event: 25.698 Thread 0x00000202f23b0720 nmethod 11331 0x00000202dc207110 code [0x00000202dc2073a0, 0x00000202dc207fb8]

GC Heap History (20 events):
Event: 12.423 GC heap before
{Heap before GC invocations=25 (full 0):
 garbage-first heap   total 102400K, used 77511K [0x0000000080000000, 0x0000000100000000)
  region size 1024K, 20 young (20480K), 1 survivors (1024K)
 Metaspace       used 64536K, committed 65152K, reserved 491520K
  class space    used 8962K, committed 9216K, reserved 425984K
}
Event: 12.425 GC heap after
{Heap after GC invocations=26 (full 0):
 garbage-first heap   total 102400K, used 59931K [0x0000000080000000, 0x0000000100000000)
  region size 1024K, 2 young (2048K), 2 survivors (2048K)
 Metaspace       used 64536K, committed 65152K, reserved 491520K
  class space    used 8962K, committed 9216K, reserved 425984K
}
Event: 12.484 GC heap before
{Heap before GC invocations=26 (full 0):
 garbage-first heap   total 102400K, used 63003K [0x0000000080000000, 0x0000000100000000)
  region size 1024K, 5 young (5120K), 2 survivors (2048K)
 Metaspace       used 64687K, committed 65344K, reserved 491520K
  class space    used 8982K, committed 9280K, reserved 425984K
}
Event: 12.486 GC heap after
{Heap after GC invocations=27 (full 0):
 garbage-first heap   total 102400K, used 59730K [0x0000000080000000, 0x0000000100000000)
  region size 1024K, 1 young (1024K), 1 survivors (1024K)
 Metaspace       used 64687K, committed 65344K, reserved 491520K
  class space    used 8982K, committed 9280K, reserved 425984K
}
Event: 12.775 GC heap before
{Heap before GC invocations=27 (full 0):
 garbage-first heap   total 102400K, used 82258K [0x0000000080000000, 0x0000000100000000)
  region size 1024K, 23 young (23552K), 1 survivors (1024K)
 Metaspace       used 66754K, committed 67392K, reserved 491520K
  class space    used 9308K, committed 9600K, reserved 425984K
}
Event: 12.777 GC heap after
{Heap after GC invocations=28 (full 0):
 garbage-first heap   total 102400K, used 60349K [0x0000000080000000, 0x0000000100000000)
  region size 1024K, 1 young (1024K), 1 survivors (1024K)
 Metaspace       used 66754K, committed 67392K, reserved 491520K
  class space    used 9308K, committed 9600K, reserved 425984K
}
Event: 13.142 GC heap before
{Heap before GC invocations=29 (full 0):
 garbage-first heap   total 106496K, used 85949K [0x0000000080000000, 0x0000000100000000)
  region size 1024K, 23 young (23552K), 1 survivors (1024K)
 Metaspace       used 68218K, committed 68992K, reserved 491520K
  class space    used 9562K, committed 9920K, reserved 425984K
}
Event: 13.144 GC heap after
{Heap after GC invocations=30 (full 0):
 garbage-first heap   total 106496K, used 64375K [0x0000000080000000, 0x0000000100000000)
  region size 1024K, 2 young (2048K), 2 survivors (2048K)
 Metaspace       used 68218K, committed 68992K, reserved 491520K
  class space    used 9562K, committed 9920K, reserved 425984K
}
Event: 13.183 GC heap before
{Heap before GC invocations=30 (full 0):
 garbage-first heap   total 106496K, used 67447K [0x0000000080000000, 0x0000000100000000)
  region size 1024K, 5 young (5120K), 2 survivors (2048K)
 Metaspace       used 68397K, committed 69120K, reserved 491520K
  class space    used 9581K, committed 9920K, reserved 425984K
}
Event: 13.186 GC heap after
{Heap after GC invocations=31 (full 0):
 garbage-first heap   total 106496K, used 64246K [0x0000000080000000, 0x0000000100000000)
  region size 1024K, 1 young (1024K), 1 survivors (1024K)
 Metaspace       used 68397K, committed 69120K, reserved 491520K
  class space    used 9581K, committed 9920K, reserved 425984K
}
Event: 13.411 GC heap before
{Heap before GC invocations=31 (full 0):
 garbage-first heap   total 106496K, used 86774K [0x0000000080000000, 0x0000000100000000)
  region size 1024K, 23 young (23552K), 1 survivors (1024K)
 Metaspace       used 69530K, committed 70272K, reserved 491520K
  class space    used 9766K, committed 10112K, reserved 425984K
}
Event: 13.413 GC heap after
{Heap after GC invocations=32 (full 0):
 garbage-first heap   total 212992K, used 64896K [0x0000000080000000, 0x0000000100000000)
  region size 1024K, 1 young (1024K), 1 survivors (1024K)
 Metaspace       used 69530K, committed 70272K, reserved 491520K
  class space    used 9766K, committed 10112K, reserved 425984K
}
Event: 14.744 GC heap before
{Heap before GC invocations=32 (full 0):
 garbage-first heap   total 212992K, used 157056K [0x0000000080000000, 0x0000000100000000)
  region size 1024K, 91 young (93184K), 1 survivors (1024K)
 Metaspace       used 74073K, committed 74816K, reserved 491520K
  class space    used 10377K, committed 10752K, reserved 425984K
}
Event: 14.752 GC heap after
{Heap after GC invocations=33 (full 0):
 garbage-first heap   total 212992K, used 72414K [0x0000000080000000, 0x0000000100000000)
  region size 1024K, 9 young (9216K), 9 survivors (9216K)
 Metaspace       used 74073K, committed 74816K, reserved 491520K
  class space    used 10377K, committed 10752K, reserved 425984K
}
Event: 24.539 GC heap before
{Heap before GC invocations=33 (full 0):
 garbage-first heap   total 212992K, used 159454K [0x0000000080000000, 0x0000000100000000)
  region size 1024K, 95 young (97280K), 9 survivors (9216K)
 Metaspace       used 78601K, committed 79488K, reserved 557056K
  class space    used 11078K, committed 11456K, reserved 425984K
}
Event: 24.551 GC heap after
{Heap after GC invocations=34 (full 0):
 garbage-first heap   total 212992K, used 78998K [0x0000000080000000, 0x0000000100000000)
  region size 1024K, 9 young (9216K), 9 survivors (9216K)
 Metaspace       used 78601K, committed 79488K, reserved 557056K
  class space    used 11078K, committed 11456K, reserved 425984K
}
Event: 25.234 GC heap before
{Heap before GC invocations=34 (full 0):
 garbage-first heap   total 212992K, used 161942K [0x0000000080000000, 0x0000000100000000)
  region size 1024K, 91 young (93184K), 9 survivors (9216K)
 Metaspace       used 79364K, committed 80256K, reserved 557056K
  class space    used 11105K, committed 11520K, reserved 425984K
}
Event: 25.243 GC heap after
{Heap after GC invocations=35 (full 0):
 garbage-first heap   total 212992K, used 84082K [0x0000000080000000, 0x0000000100000000)
  region size 1024K, 7 young (7168K), 7 survivors (7168K)
 Metaspace       used 79364K, committed 80256K, reserved 557056K
  class space    used 11105K, committed 11520K, reserved 425984K
}
Event: 25.580 GC heap before
{Heap before GC invocations=35 (full 0):
 garbage-first heap   total 212992K, used 163954K [0x0000000080000000, 0x0000000100000000)
  region size 1024K, 86 young (88064K), 7 survivors (7168K)
 Metaspace       used 79384K, committed 80320K, reserved 557056K
  class space    used 11106K, committed 11520K, reserved 425984K
}
Event: 25.587 GC heap after
{Heap after GC invocations=36 (full 0):
 garbage-first heap   total 212992K, used 86487K [0x0000000080000000, 0x0000000100000000)
  region size 1024K, 5 young (5120K), 5 survivors (5120K)
 Metaspace       used 79384K, committed 80320K, reserved 557056K
  class space    used 11106K, committed 11520K, reserved 425984K
}

Dll operation events (15 events):
Event: 0.007 Loaded shared library C:\Program Files\Microsoft\jdk-17.0.8.7-hotspot\bin\java.dll
Event: 0.023 Loaded shared library C:\Program Files\Microsoft\jdk-17.0.8.7-hotspot\bin\jsvml.dll
Event: 0.061 Loaded shared library C:\Program Files\Microsoft\jdk-17.0.8.7-hotspot\bin\zip.dll
Event: 0.068 Loaded shared library C:\Program Files\Microsoft\jdk-17.0.8.7-hotspot\bin\instrument.dll
Event: 0.071 Loaded shared library C:\Program Files\Microsoft\jdk-17.0.8.7-hotspot\bin\net.dll
Event: 0.072 Loaded shared library C:\Program Files\Microsoft\jdk-17.0.8.7-hotspot\bin\nio.dll
Event: 0.073 Loaded shared library C:\Program Files\Microsoft\jdk-17.0.8.7-hotspot\bin\zip.dll
Event: 0.277 Loaded shared library C:\Program Files\Microsoft\jdk-17.0.8.7-hotspot\bin\jimage.dll
Event: 0.421 Loaded shared library C:\Program Files\Microsoft\jdk-17.0.8.7-hotspot\bin\verify.dll
Event: 0.572 Loaded shared library C:\Users\admin\.gradle\native\1def1411415f61bf3af743bc5b6707747c0891f09f0c88961ee8f79bc544acac\windows-amd64\native-platform.dll
Event: 0.583 Loaded shared library C:\Users\admin\.gradle\native\0.2.5\x86_64-windows-gnu\gradle-fileevents.dll
Event: 1.439 Loaded shared library C:\Program Files\Microsoft\jdk-17.0.8.7-hotspot\bin\management.dll
Event: 1.441 Loaded shared library C:\Program Files\Microsoft\jdk-17.0.8.7-hotspot\bin\management_ext.dll
Event: 1.774 Loaded shared library C:\Program Files\Microsoft\jdk-17.0.8.7-hotspot\bin\sunmscapi.dll
Event: 2.300 Loaded shared library C:\Users\admin\AppData\Local\Temp\native-platform9042070024561804770dir\gradle-fileevents.dll

Deoptimization events (20 events):
Event: 25.664 Thread 0x00000202f8bd2ed0 Uncommon trap: trap_request=0xffffff45 fr.pc=0x00000202e3a7ef98 relative=0x00000000000022d8
Event: 25.664 Thread 0x00000202f8bd2ed0 Uncommon trap: reason=unstable_if action=reinterpret pc=0x00000202e3a7ef98 method=java.util.zip.ZipFile.getInputStream(Ljava/util/zip/ZipEntry;)Ljava/io/InputStream; @ 101 c2
Event: 25.664 Thread 0x00000202f8bd2ed0 DEOPT PACKING pc=0x00000202e3a7ef98 sp=0x000000242aff80e0
Event: 25.664 Thread 0x00000202f8bd2ed0 DEOPT UNPACKING pc=0x00000202e30e69a3 sp=0x000000242aff80a8 mode 2
Event: 25.679 Thread 0x00000202f8bd2ed0 Uncommon trap: trap_request=0xffffffec fr.pc=0x00000202e367e570 relative=0x0000000000000190
Event: 25.679 Thread 0x00000202f8bd2ed0 Uncommon trap: reason=null_assert_or_unreached0 action=make_not_entrant pc=0x00000202e367e570 method=java.security.AccessController.doPrivileged(Ljava/security/PrivilegedExceptionAction;Ljava/security/AccessControlContext;)Ljava/lang/Object; @ 25 c2
Event: 25.679 Thread 0x00000202f8bd2ed0 DEOPT PACKING pc=0x00000202e367e570 sp=0x000000242aff8510
Event: 25.679 Thread 0x00000202f8bd2ed0 DEOPT UNPACKING pc=0x00000202e30e69a3 sp=0x000000242aff8430 mode 2
Event: 25.679 Thread 0x00000202f8bd2ed0 Uncommon trap: trap_request=0x00000091 fr.pc=0x00000202e3866de8 relative=0x00000000000016e8
Event: 25.679 Thread 0x00000202f8bd2ed0 Uncommon trap: reason=unloaded action=reinterpret pc=0x00000202e3866de8 method=java.security.AccessController.wrapException(Ljava/lang/Exception;)Ljava/security/PrivilegedActionException; @ 0 c2
Event: 25.679 Thread 0x00000202f8bd2ed0 DEOPT PACKING pc=0x00000202e3866de8 sp=0x000000242aff86b0
Event: 25.679 Thread 0x00000202f8bd2ed0 DEOPT UNPACKING pc=0x00000202e30e69a3 sp=0x000000242aff8560 mode 2
Event: 25.679 Thread 0x00000202f8bd2ed0 Uncommon trap: trap_request=0x00000091 fr.pc=0x00000202e3784540 relative=0x0000000000000100
Event: 25.679 Thread 0x00000202f8bd2ed0 Uncommon trap: reason=unloaded action=reinterpret pc=0x00000202e3784540 method=java.security.AccessController.wrapException(Ljava/lang/Exception;)Ljava/security/PrivilegedActionException; @ 0 c2
Event: 25.679 Thread 0x00000202f8bd2ed0 DEOPT PACKING pc=0x00000202e3784540 sp=0x000000242aff8380
Event: 25.679 Thread 0x00000202f8bd2ed0 DEOPT UNPACKING pc=0x00000202e30e69a3 sp=0x000000242aff82c8 mode 2
Event: 25.679 Thread 0x00000202f8bd2ed0 Uncommon trap: trap_request=0x00000091 fr.pc=0x00000202e3784540 relative=0x0000000000000100
Event: 25.679 Thread 0x00000202f8bd2ed0 Uncommon trap: reason=unloaded action=reinterpret pc=0x00000202e3784540 method=java.security.AccessController.wrapException(Ljava/lang/Exception;)Ljava/security/PrivilegedActionException; @ 0 c2
Event: 25.679 Thread 0x00000202f8bd2ed0 DEOPT PACKING pc=0x00000202e3784540 sp=0x000000242aff8610
Event: 25.680 Thread 0x00000202f8bd2ed0 DEOPT UNPACKING pc=0x00000202e30e69a3 sp=0x000000242aff8548 mode 2

Classes unloaded (0 events):
No events

Classes redefined (0 events):
No events

Internal exceptions (20 events):
Event: 24.571 Thread 0x00000202f8bd2ed0 Exception <a 'java/lang/ClassNotFoundException'{0x000000008cbb1760}: org/gradle/api/internal/DefaultDomainObjectCollectionBeanInfo> (0x000000008cbb1760) 
thrown [s\src\hotspot\share\classfile\systemDictionary.cpp, line 256]
Event: 24.572 Thread 0x00000202f8bd2ed0 Exception <a 'java/lang/ClassNotFoundException'{0x000000008cbb9548}: java/util/AbstractCollectionBeanInfo> (0x000000008cbb9548) 
thrown [s\src\hotspot\share\classfile\systemDictionary.cpp, line 256]
Event: 24.572 Thread 0x00000202f8bd2ed0 Exception <a 'java/lang/ClassNotFoundException'{0x000000008cbc12f8}: java/util/AbstractCollectionCustomizer> (0x000000008cbc12f8) 
thrown [s\src\hotspot\share\classfile\systemDictionary.cpp, line 256]
Event: 24.573 Thread 0x00000202f8bd2ed0 Exception <a 'java/lang/ClassNotFoundException'{0x000000008cbe0fa8}: org/gradle/api/internal/DefaultDomainObjectCollectionCustomizer> (0x000000008cbe0fa8) 
thrown [s\src\hotspot\share\classfile\systemDictionary.cpp, line 256]
Event: 24.575 Thread 0x00000202f8bd2ed0 Exception <a 'java/lang/ClassNotFoundException'{0x000000008ca18f10}: org/gradle/api/internal/DefaultNamedDomainObjectCollectionCustomizer> (0x000000008ca18f10) 
thrown [s\src\hotspot\share\classfile\systemDictionary.cpp, line 256]
Event: 24.576 Thread 0x00000202f8bd2ed0 Exception <a 'java/lang/ClassNotFoundException'{0x000000008ca582b8}: org/gradle/api/internal/DefaultNamedDomainObjectListCustomizer> (0x000000008ca582b8) 
thrown [s\src\hotspot\share\classfile\systemDictionary.cpp, line 256]
Event: 24.577 Thread 0x00000202f8bd2ed0 Exception <a 'java/lang/ClassNotFoundException'{0x000000008ca8e188}: org/gradle/api/internal/artifacts/DefaultArtifactRepositoryContainerCustomizer> (0x000000008ca8e188) 
thrown [s\src\hotspot\share\classfile\systemDictionary.cpp, line 256]
Event: 24.578 Thread 0x00000202f8bd2ed0 Exception <a 'java/lang/ClassNotFoundException'{0x000000008cab8498}: org/gradle/api/internal/artifacts/dsl/DefaultRepositoryHandlerCustomizer> (0x000000008cab8498) 
thrown [s\src\hotspot\share\classfile\systemDictionary.cpp, line 256]
Event: 24.579 Thread 0x00000202f8bd2ed0 Exception <a 'java/lang/ClassNotFoundException'{0x000000008caf0a68}: org/gradle/api/internal/artifacts/dsl/DefaultRepositoryHandler_DecoratedCustomizer> (0x000000008caf0a68) 
thrown [s\src\hotspot\share\classfile\systemDictionary.cpp, line 256]
Event: 24.587 Thread 0x00000202f8bd2ed0 Exception <a 'java/lang/ClassNotFoundException'{0x000000008c99e188}: org/gradle/api/internal/artifacts/dsl/dependencies/DefaultDependencyHandler_DecoratedBeanInfo> (0x000000008c99e188) 
thrown [s\src\hotspot\share\classfile\systemDictionary.cpp, line 256]
Event: 24.587 Thread 0x00000202f8bd2ed0 Exception <a 'java/lang/ClassNotFoundException'{0x000000008c9b6228}: org/gradle/api/internal/artifacts/dsl/dependencies/DefaultDependencyHandlerBeanInfo> (0x000000008c9b6228) 
thrown [s\src\hotspot\share\classfile\systemDictionary.cpp, line 256]
Event: 24.588 Thread 0x00000202f8bd2ed0 Exception <a 'java/lang/ClassNotFoundException'{0x000000008c9cd7e8}: org/gradle/api/internal/artifacts/dsl/dependencies/DefaultDependencyHandlerCustomizer> (0x000000008c9cd7e8) 
thrown [s\src\hotspot\share\classfile\systemDictionary.cpp, line 256]
Event: 24.589 Thread 0x00000202f8bd2ed0 Exception <a 'java/lang/ClassNotFoundException'{0x000000008c80d908}: org/gradle/api/internal/artifacts/dsl/dependencies/DefaultDependencyHandler_DecoratedCustomizer> (0x000000008c80d908) 
thrown [s\src\hotspot\share\classfile\systemDictionary.cpp, line 256]
Event: 24.936 Thread 0x00000202f779b2e0 Exception <a 'sun/nio/fs/WindowsException'{0x000000008c7c07a8}> (0x000000008c7c07a8) 
thrown [s\src\hotspot\share\prims\jni.cpp, line 516]
Event: 24.936 Thread 0x00000202f779b2e0 Exception <a 'sun/nio/fs/WindowsException'{0x000000008c7c2d88}> (0x000000008c7c2d88) 
thrown [s\src\hotspot\share\prims\jni.cpp, line 516]
Event: 24.937 Thread 0x00000202f779b2e0 Exception <a 'sun/nio/fs/WindowsException'{0x000000008c7c5108}> (0x000000008c7c5108) 
thrown [s\src\hotspot\share\prims\jni.cpp, line 516]
Event: 24.937 Thread 0x00000202f779b2e0 Exception <a 'sun/nio/fs/WindowsException'{0x000000008c7c7110}> (0x000000008c7c7110) 
thrown [s\src\hotspot\share\prims\jni.cpp, line 516]
Event: 25.182 Thread 0x00000202f8bd2ed0 Implicit null exception at 0x00000202e373220a to 0x00000202e37328c8
Event: 25.655 Thread 0x00000202f8bd2ed0 Exception <a 'java/lang/ClassNotFoundException'{0x000000008c236358}: build_4rgri5qekt6fb26fk9nkyihugBeanInfo> (0x000000008c236358) 
thrown [s\src\hotspot\share\classfile\systemDictionary.cpp, line 256]
Event: 25.655 Thread 0x00000202f8bd2ed0 Exception <a 'java/lang/ClassNotFoundException'{0x000000008c23d730}: build_4rgri5qekt6fb26fk9nkyihugCustomizer> (0x000000008c23d730) 
thrown [s\src\hotspot\share\classfile\systemDictionary.cpp, line 256]

VM Operations (20 events):
Event: 24.826 Executing VM operation: ICBufferFull
Event: 24.826 Executing VM operation: ICBufferFull done
Event: 24.882 Executing VM operation: HandshakeAllThreads
Event: 24.883 Executing VM operation: HandshakeAllThreads done
Event: 24.883 Executing VM operation: ICBufferFull
Event: 24.883 Executing VM operation: ICBufferFull done
Event: 24.883 Executing VM operation: ICBufferFull
Event: 24.883 Executing VM operation: ICBufferFull done
Event: 24.930 Executing VM operation: HandshakeAllThreads
Event: 24.930 Executing VM operation: HandshakeAllThreads done
Event: 24.985 Executing VM operation: ICBufferFull
Event: 24.985 Executing VM operation: ICBufferFull done
Event: 25.022 Executing VM operation: HandshakeAllThreads
Event: 25.023 Executing VM operation: HandshakeAllThreads done
Event: 25.234 Executing VM operation: G1CollectForAllocation
Event: 25.243 Executing VM operation: G1CollectForAllocation done
Event: 25.580 Executing VM operation: G1CollectForAllocation
Event: 25.588 Executing VM operation: G1CollectForAllocation done
Event: 25.679 Executing VM operation: HandshakeAllThreads
Event: 25.679 Executing VM operation: HandshakeAllThreads done

Events (20 events):
Event: 25.043 Thread 0x00000202f23b3040 flushing nmethod 0x00000202dc9f8010
Event: 25.043 Thread 0x00000202f23b3040 flushing nmethod 0x00000202dca05a90
Event: 25.043 Thread 0x00000202f23b3040 flushing nmethod 0x00000202dca05f10
Event: 25.043 Thread 0x00000202f23b3040 flushing nmethod 0x00000202dca07110
Event: 25.043 Thread 0x00000202f23b3040 flushing nmethod 0x00000202dca09010
Event: 25.043 Thread 0x00000202f23b3040 flushing nmethod 0x00000202dca0c190
Event: 25.043 Thread 0x00000202f23b3040 flushing nmethod 0x00000202dca0c610
Event: 25.043 Thread 0x00000202f23b3040 flushing nmethod 0x00000202dca0dc90
Event: 25.043 Thread 0x00000202f23b3040 flushing nmethod 0x00000202dca13490
Event: 25.043 Thread 0x00000202f23b3040 flushing nmethod 0x00000202dca23810
Event: 25.043 Thread 0x00000202f23b3040 flushing nmethod 0x00000202dca84910
Event: 25.043 Thread 0x00000202f23b3040 flushing nmethod 0x00000202dcaacf10
Event: 25.044 Thread 0x00000202f23b3040 flushing nmethod 0x00000202dcb03490
Event: 25.044 Thread 0x00000202f23b3040 flushing nmethod 0x00000202dcb2e890
Event: 25.044 Thread 0x00000202f23b3040 flushing nmethod 0x00000202dcb59d10
Event: 25.044 Thread 0x00000202f23b3040 flushing nmethod 0x00000202dcb68690
Event: 25.044 Thread 0x00000202f23b3040 flushing nmethod 0x00000202dcb6bb10
Event: 25.046 Thread 0x00000202f23b3040 flushing nmethod 0x00000202dcd9a310
Event: 25.409 Thread 0x00000202f7383ea0 Thread added: 0x00000202f7383ea0
Event: 25.649 Thread 0x00000202fc1aa650 Thread added: 0x00000202fc1aa650


Dynamic libraries:
0x00007ff7c1000000 - 0x00007ff7c100e000 	C:\Program Files\Microsoft\jdk-17.0.8.7-hotspot\bin\java.exe
0x00007fff3f6f0000 - 0x00007fff3f8e8000 	C:\Windows\SYSTEM32\ntdll.dll
0x00007fff3f1d0000 - 0x00007fff3f292000 	C:\Windows\System32\KERNEL32.DLL
0x00007fff3cd90000 - 0x00007fff3d08f000 	C:\Windows\System32\KERNELBASE.dll
0x00007fff3d3d0000 - 0x00007fff3d4d0000 	C:\Windows\System32\ucrtbase.dll
0x00007fff38810000 - 0x00007fff38827000 	C:\Program Files\Microsoft\jdk-17.0.8.7-hotspot\bin\jli.dll
0x00007fff387f0000 - 0x00007fff3880b000 	C:\Program Files\Microsoft\jdk-17.0.8.7-hotspot\bin\VCRUNTIME140.dll
0x00007fff3d820000 - 0x00007fff3d9bd000 	C:\Windows\System32\USER32.dll
0x00007fff3d520000 - 0x00007fff3d542000 	C:\Windows\System32\win32u.dll
0x00007fff21d60000 - 0x00007fff21ffa000 	C:\Windows\WinSxS\amd64_microsoft.windows.common-controls_6595b64144ccf1df_6.0.19041.4355_none_60b8b9eb71f62e16\COMCTL32.dll
0x00007fff3f100000 - 0x00007fff3f12b000 	C:\Windows\System32\GDI32.dll
0x00007fff3dc50000 - 0x00007fff3dcee000 	C:\Windows\System32\msvcrt.dll
0x00007fff3d5f0000 - 0x00007fff3d70a000 	C:\Windows\System32\gdi32full.dll
0x00007fff3d550000 - 0x00007fff3d5ed000 	C:\Windows\System32\msvcp_win.dll
0x00007fff3f3f0000 - 0x00007fff3f41f000 	C:\Windows\System32\IMM32.DLL
0x00007fff387e0000 - 0x00007fff387ec000 	C:\Program Files\Microsoft\jdk-17.0.8.7-hotspot\bin\vcruntime140_1.dll
0x00007fff28830000 - 0x00007fff288bd000 	C:\Program Files\Microsoft\jdk-17.0.8.7-hotspot\bin\msvcp140.dll
0x00007ffecf470000 - 0x00007ffed00d5000 	C:\Program Files\Microsoft\jdk-17.0.8.7-hotspot\bin\server\jvm.dll
0x00007fff3d710000 - 0x00007fff3d7bf000 	C:\Windows\System32\ADVAPI32.dll
0x00007fff3f130000 - 0x00007fff3f1cf000 	C:\Windows\System32\sechost.dll
0x00007fff3d9c0000 - 0x00007fff3dae3000 	C:\Windows\System32\RPCRT4.dll
0x00007fff3d100000 - 0x00007fff3d127000 	C:\Windows\System32\bcrypt.dll
0x00007fff3c770000 - 0x00007fff3c7bb000 	C:\Windows\SYSTEM32\POWRPROF.dll
0x00007fff20f30000 - 0x00007fff20f57000 	C:\Windows\SYSTEM32\WINMM.dll
0x00007fff387d0000 - 0x00007fff387d9000 	C:\Windows\SYSTEM32\WSOCK32.dll
0x00007fff352a0000 - 0x00007fff352aa000 	C:\Windows\SYSTEM32\VERSION.dll
0x00007fff3e420000 - 0x00007fff3e48b000 	C:\Windows\System32\WS2_32.dll
0x00007fff3c750000 - 0x00007fff3c762000 	C:\Windows\SYSTEM32\UMPDC.dll
0x00007fff3abf0000 - 0x00007fff3ac02000 	C:\Windows\SYSTEM32\kernel.appcore.dll
0x00007fff382e0000 - 0x00007fff382ea000 	C:\Program Files\Microsoft\jdk-17.0.8.7-hotspot\bin\jimage.dll
0x00007fff2a0c0000 - 0x00007fff2a2a4000 	C:\Windows\SYSTEM32\DBGHELP.DLL
0x00007fff20e10000 - 0x00007fff20e44000 	C:\Windows\SYSTEM32\dbgcore.DLL
0x00007fff3d340000 - 0x00007fff3d3c2000 	C:\Windows\System32\bcryptPrimitives.dll
0x00007fff297e0000 - 0x00007fff297ee000 	C:\Program Files\Microsoft\jdk-17.0.8.7-hotspot\bin\instrument.dll
0x00007fff38270000 - 0x00007fff38295000 	C:\Program Files\Microsoft\jdk-17.0.8.7-hotspot\bin\java.dll
0x00007fff28380000 - 0x00007fff28457000 	C:\Program Files\Microsoft\jdk-17.0.8.7-hotspot\bin\jsvml.dll
0x00007fff3e990000 - 0x00007fff3f0fd000 	C:\Windows\System32\SHELL32.dll
0x00007fff3ae10000 - 0x00007fff3b5b4000 	C:\Windows\SYSTEM32\windows.storage.dll
0x00007fff3e000000 - 0x00007fff3e355000 	C:\Windows\System32\combase.dll
0x00007fff3c7c0000 - 0x00007fff3c7ef000 	C:\Windows\SYSTEM32\Wldp.dll
0x00007fff3db80000 - 0x00007fff3dc4d000 	C:\Windows\System32\OLEAUT32.dll
0x00007fff3f420000 - 0x00007fff3f4cd000 	C:\Windows\System32\SHCORE.dll
0x00007fff3f650000 - 0x00007fff3f6a5000 	C:\Windows\System32\shlwapi.dll
0x00007fff3ccc0000 - 0x00007fff3cce4000 	C:\Windows\SYSTEM32\profapi.dll
0x00007fff29630000 - 0x00007fff29648000 	C:\Program Files\Microsoft\jdk-17.0.8.7-hotspot\bin\zip.dll
0x00007fff38250000 - 0x00007fff38269000 	C:\Program Files\Microsoft\jdk-17.0.8.7-hotspot\bin\net.dll
0x00007fff39370000 - 0x00007fff3947a000 	C:\Windows\SYSTEM32\WINHTTP.dll
0x00007fff3c4b0000 - 0x00007fff3c51c000 	C:\Windows\system32\mswsock.dll
0x00007fff299d0000 - 0x00007fff299e6000 	C:\Program Files\Microsoft\jdk-17.0.8.7-hotspot\bin\nio.dll
0x00007fff382d0000 - 0x00007fff382e0000 	C:\Program Files\Microsoft\jdk-17.0.8.7-hotspot\bin\verify.dll
0x00007fff28e10000 - 0x00007fff28e37000 	C:\Users\admin\.gradle\native\1def1411415f61bf3af743bc5b6707747c0891f09f0c88961ee8f79bc544acac\windows-amd64\native-platform.dll
0x000000006a0b0000 - 0x000000006a123000 	C:\Users\admin\.gradle\native\0.2.5\x86_64-windows-gnu\gradle-fileevents.dll
0x00007fff38240000 - 0x00007fff38249000 	C:\Program Files\Microsoft\jdk-17.0.8.7-hotspot\bin\management.dll
0x00007fff37f40000 - 0x00007fff37f4b000 	C:\Program Files\Microsoft\jdk-17.0.8.7-hotspot\bin\management_ext.dll
0x00007fff3e410000 - 0x00007fff3e418000 	C:\Windows\System32\PSAPI.DLL
0x00007fff3c6a0000 - 0x00007fff3c6b8000 	C:\Windows\SYSTEM32\CRYPTSP.dll
0x00007fff3bd70000 - 0x00007fff3bda4000 	C:\Windows\system32\rsaenh.dll
0x00007fff3cc40000 - 0x00007fff3cc6e000 	C:\Windows\SYSTEM32\USERENV.dll
0x00007fff3c6c0000 - 0x00007fff3c6cc000 	C:\Windows\SYSTEM32\CRYPTBASE.dll
0x00007fff3c190000 - 0x00007fff3c1cb000 	C:\Windows\SYSTEM32\IPHLPAPI.DLL
0x00007fff3dff0000 - 0x00007fff3dff8000 	C:\Windows\System32\NSI.dll
0x00007fff35230000 - 0x00007fff35247000 	C:\Windows\SYSTEM32\dhcpcsvc6.DLL
0x00007fff35fd0000 - 0x00007fff35fed000 	C:\Windows\SYSTEM32\dhcpcsvc.DLL
0x00007fff3c1d0000 - 0x00007fff3c29a000 	C:\Windows\SYSTEM32\DNSAPI.dll
0x00007fff28e00000 - 0x00007fff28e0e000 	C:\Program Files\Microsoft\jdk-17.0.8.7-hotspot\bin\sunmscapi.dll
0x00007fff3d130000 - 0x00007fff3d28c000 	C:\Windows\System32\CRYPT32.dll
0x00007fff3c830000 - 0x00007fff3c857000 	C:\Windows\SYSTEM32\ncrypt.dll
0x00007fff3c7f0000 - 0x00007fff3c82b000 	C:\Windows\SYSTEM32\NTASN1.dll
0x00007fff0fb70000 - 0x00007fff0fb77000 	C:\Windows\system32\wshunix.dll
0x000000006a030000 - 0x000000006a0a3000 	C:\Users\admin\AppData\Local\Temp\native-platform9042070024561804770dir\gradle-fileevents.dll
0x00007fff35290000 - 0x00007fff3529a000 	C:\Windows\System32\rasadhlp.dll
0x00007fff33ae0000 - 0x00007fff33b60000 	C:\Windows\System32\fwpuclnt.dll
0x00007fff1ba10000 - 0x00007fff1ba27000 	C:\Windows\system32\napinsp.dll
0x00007fff1b9f0000 - 0x00007fff1ba0b000 	C:\Windows\system32\pnrpnsp.dll
0x00007fff395b0000 - 0x00007fff395c5000 	C:\Windows\system32\wshbth.dll
0x00007fff39480000 - 0x00007fff3949d000 	C:\Windows\system32\NLAapi.dll
0x00007fff1b880000 - 0x00007fff1b892000 	C:\Windows\System32\winrnr.dll

dbghelp: loaded successfully - version: 4.0.5 - missing functions: none
symbol engine: initialized successfully - sym options: 0x614 - pdb path: .;C:\Program Files\Microsoft\jdk-17.0.8.7-hotspot\bin;C:\Windows\SYSTEM32;C:\Windows\WinSxS\amd64_microsoft.windows.common-controls_6595b64144ccf1df_6.0.19041.4355_none_60b8b9eb71f62e16;C:\Program Files\Microsoft\jdk-17.0.8.7-hotspot\bin\server;C:\Users\admin\.gradle\native\1def1411415f61bf3af743bc5b6707747c0891f09f0c88961ee8f79bc544acac\windows-amd64;C:\Users\admin\.gradle\native\0.2.5\x86_64-windows-gnu;C:\Users\admin\AppData\Local\Temp\native-platform9042070024561804770dir

VM Arguments:
jvm_args: --add-opens=java.base/java.lang=ALL-UNNAMED --add-opens=java.base/java.lang.invoke=ALL-UNNAMED --add-opens=java.base/java.util=ALL-UNNAMED --add-opens=java.prefs/java.util.prefs=ALL-UNNAMED --add-exports=jdk.compiler/com.sun.tools.javac.api=ALL-UNNAMED --add-exports=jdk.compiler/com.sun.tools.javac.util=ALL-UNNAMED --add-opens=java.base/java.util=ALL-UNNAMED --add-opens=java.prefs/java.util.prefs=ALL-UNNAMED --add-opens=java.base/java.nio.charset=ALL-UNNAMED --add-opens=java.base/java.net=ALL-UNNAMED --add-opens=java.base/java.util.concurrent.atomic=ALL-UNNAMED --add-opens=java.xml/javax.xml.namespace=ALL-UNNAMED -XX:MaxMetaspaceSize=512m -Xmx2048m -Dfile.encoding=windows-1252 -Duser.country=IN -Duser.language=en -Duser.variant -javaagent:C:\Users\admin\.gradle\wrapper\dists\gradle-8.12-all\ejduaidbjup3bmmkhw3rie4zb\gradle-8.12\lib\agents\gradle-instrumentation-agent-8.12.jar 
java_command: org.gradle.launcher.daemon.bootstrap.GradleDaemon 8.12
java_class_path (initial): C:\Users\admin\.gradle\wrapper\dists\gradle-8.12-all\ejduaidbjup3bmmkhw3rie4zb\gradle-8.12\lib\gradle-daemon-main-8.12.jar
Launcher Type: SUN_STANDARD

[Global flags]
     intx CICompilerCount                          = 4                                         {product} {ergonomic}
   size_t CompressedClassSpaceSize                 = 436207616                                 {product} {ergonomic}
     uint ConcGCThreads                            = 2                                         {product} {ergonomic}
     uint G1ConcRefinementThreads                  = 8                                         {product} {ergonomic}
   size_t G1HeapRegionSize                         = 1048576                                   {product} {ergonomic}
    uintx GCDrainStackTargetSize                   = 64                                        {product} {ergonomic}
   size_t InitialHeapSize                          = 266338304                                 {product} {ergonomic}
   size_t MarkStackSize                            = 4194304                                   {product} {ergonomic}
   size_t MaxHeapSize                              = 2147483648                                {product} {command line}
   size_t MaxMetaspaceSize                         = 536870912                                 {product} {command line}
   size_t MaxNewSize                               = 1287651328                                {product} {ergonomic}
   size_t MinHeapDeltaBytes                        = 1048576                                   {product} {ergonomic}
   size_t MinHeapSize                              = 8388608                                   {product} {ergonomic}
    uintx NonNMethodCodeHeapSize                   = 5839372                                {pd product} {ergonomic}
    uintx NonProfiledCodeHeapSize                  = 122909434                              {pd product} {ergonomic}
    uintx ProfiledCodeHeapSize                     = 122909434                              {pd product} {ergonomic}
    uintx ReservedCodeCacheSize                    = 251658240                              {pd product} {ergonomic}
     bool SegmentedCodeCache                       = true                                      {product} {ergonomic}
   size_t SoftMaxHeapSize                          = 2147483648                             {manageable} {ergonomic}
     bool UseCompressedClassPointers               = true                           {product lp64_product} {ergonomic}
     bool UseCompressedOops                        = true                           {product lp64_product} {ergonomic}
     bool UseG1GC                                  = true                                      {product} {ergonomic}
     bool UseLargePagesIndividualAllocation        = false                                  {pd product} {ergonomic}

Logging:
Log output configuration:
 #0: stdout all=warning uptime,level,tags
 #1: stderr all=off uptime,level,tags

Environment Variables:
JAVA_HOME=C:\Program Files\Microsoft\jdk-17.0.8.7-hotspot\
CLASSPATH=D:\Projects\LatLong\android\\gradle\wrapper\gradle-wrapper.jar
PATH=C:\Program Files\Microsoft\jdk-17.0.8.7-hotspot\bin;C:\Python312\Scripts\;C:\Python312\;C:\Windows\system32;C:\Windows;C:\Windows\System32\Wbem;C:\Windows\System32\WindowsPowerShell\v1.0\;C:\Windows\System32\OpenSSH\;c:\Program Files\nodejs\;C:\ProgramData\chocolatey\bin;C:\Users\admin\AppData\Local\Android\Sdk\platform-tools;C:\Users\admin\AppData\Local\Android\Sdk\tools;C:\Users\admin\AppData\Local\Android\Sdk\platforms;C:\Program Files\OpenSSL\bin;C:\Program Files\Git\cmd;C:\Users\admin\AppData\Local\Microsoft\WindowsApps;C:\Users\admin\AppData\Roaming\npm;C:\Program Files\OpenSSL-Win64\bin;C:\Users\admin\AppData\Local\Programs\Microsoft VS Code\bin
USERNAME=admin
LANG=en_US.UTF-8
OS=Windows_NT
PROCESSOR_IDENTIFIER=Intel64 Family 6 Model 142 Stepping 12, GenuineIntel
TMP=C:\Users\admin\AppData\Local\Temp
TEMP=C:\Users\admin\AppData\Local\Temp



---------------  S Y S T E M  ---------------

OS:
 Windows 10 , 64 bit Build 19041 (10.0.19041.5438)
OS uptime: 1 days 7:39 hours

CPU: total 8 (initial active 8) (4 cores per cpu, 2 threads per core) family 6 model 142 stepping 12 microcode 0xfc, cx8, cmov, fxsr, ht, mmx, 3dnowpref, sse, sse2, sse3, ssse3, sse4.1, sse4.2, popcnt, lzcnt, tsc, tscinvbit, avx, avx2, aes, erms, clmul, bmi1, bmi2, adx, fma, vzeroupper, clflush, clflushopt
Processor Information for all 8 processors :
  Max Mhz: 1896, Current Mhz: 1596, Mhz Limit: 1592

Memory: 4k page, system-wide physical 16198M (5685M free)
TotalPageFile size 18804M (AvailPageFile size 5680M)
current process WorkingSet (physical memory assigned to process): 424M, peak: 427M
current process commit charge ("private bytes"): 491M, peak: 498M

vm_info: OpenJDK 64-Bit Server VM (17.0.8+7-LTS) for windows-amd64 JRE (17.0.8+7-LTS), built on Jul  7 2023 17:21:55 by "MicrosoftCorporation" with MS VC++ 16.10 / 16.11 (VS2019)

END.
